
           ___      .______        ______  __    __  .______      
          /   \     |   _  \      /      ||  |  |  | |   _  \     
         /  ^  \    |  |_)  |    |  ,----'|  |__|  | |  |_)  |    
        /  /_\  \   |      /     |  |     |   __   | |      /     
       /  _____  \  |  |\  \\___ |  `----.|  |  |  | |  |\  \\___.
      /__/     \__\ | _| `._____| \______||__|  |__| | _| `._____|
    
Logging With ArchR!

Start Time : 2021-10-12 20:52:41

------- ArchR Info

ArchRThreads = 22
ArchRGenome = Mm10

------- System Info

Computer OS = unix
Total Cores = 24

------- Session Info

R version 4.0.5 (2021-03-31)
Platform: x86_64-pc-linux-gnu (64-bit)
Running under: CentOS Linux 7 (Core)

Matrix products: default
BLAS:   /programs/R-4.0.5/lib/libRblas.so
LAPACK: /programs/R-4.0.5/lib/libRlapack.so

locale:
 [1] LC_CTYPE=en_US.UTF-8       LC_NUMERIC=C               LC_TIME=en_US.UTF-8        LC_COLLATE=en_US.UTF-8    
 [5] LC_MONETARY=en_US.UTF-8    LC_MESSAGES=en_US.UTF-8    LC_PAPER=en_US.UTF-8       LC_NAME=C                 
 [9] LC_ADDRESS=C               LC_TELEPHONE=C             LC_MEASUREMENT=en_US.UTF-8 LC_IDENTIFICATION=C       

attached base packages:
 [1] grid      parallel  stats4    stats     graphics  grDevices utils     datasets  methods   base     

other attached packages:
 [1] circlize_0.4.13                    ComplexHeatmap_2.6.2               presto_1.0.0                      
 [4] Rcpp_1.0.7                         plyr_1.8.6                         gtable_0.3.0                      
 [7] pheatmap_1.0.12                    uwot_0.1.10                        viridis_0.6.1                     
[10] viridisLite_0.4.0                  org.Mm.eg.db_3.12.0                AnnotationDbi_1.52.0              
[13] clusterProfiler_3.18.1             forcats_0.5.1                      stringr_1.4.0                     
[16] dplyr_1.0.7                        purrr_0.3.4                        readr_2.0.2                       
[19] tidyr_1.1.4                        tibble_3.1.5                       tidyverse_1.3.1                   
[22] ggridges_0.5.3                     gridExtra_2.3                      nabor_0.5.0                       
[25] SeuratObject_4.0.1                 Seurat_4.0.1                       BSgenome.Mmusculus.UCSC.mm10_1.4.0
[28] BSgenome_1.58.0                    rtracklayer_1.50.0                 Biostrings_2.58.0                 
[31] XVector_0.30.0                     knitr_1.36                         ArchR_1.0.1                       
[34] magrittr_2.0.1                     rhdf5_2.34.0                       Matrix_1.3-3                      
[37] data.table_1.14.2                  SummarizedExperiment_1.20.0        Biobase_2.50.0                    
[40] GenomicRanges_1.42.0               GenomeInfoDb_1.26.7                IRanges_2.24.1                    
[43] S4Vectors_0.28.1                   BiocGenerics_0.36.1                MatrixGenerics_1.2.1              
[46] matrixStats_0.61.0                 ggplot2_3.3.5                     

loaded via a namespace (and not attached):
  [1] scattermore_0.7          ragg_1.1.2               bit64_4.0.5              irlba_2.3.3             
  [5] DelayedArray_0.16.3      rpart_4.1-15             inline_0.3.19            RCurl_1.98-1.5          
  [9] generics_0.1.0           callr_3.7.0              cowplot_1.1.1            RSQLite_2.2.8           
 [13] shadowtext_0.0.9         RANN_2.6.1               future_1.22.1            bit_4.0.4               
 [17] tzdb_0.1.2               enrichplot_1.10.2        spatstat.data_2.1-0      xml2_1.3.2              
 [21] lubridate_1.7.10         httpuv_1.6.3             StanHeaders_2.21.0-7     assertthat_0.2.1        
 [25] xfun_0.26                hms_1.1.1                evaluate_0.14            promises_1.2.0.1        
 [29] fansi_0.5.0              dbplyr_2.1.1             readxl_1.3.1             igraph_1.2.6            
 [33] DBI_1.1.1                htmlwidgets_1.5.4        spatstat.geom_2.1-0      ellipsis_0.3.2          
 [37] RSpectra_0.16-0          backports_1.2.1          V8_3.4.2                 RcppParallel_5.1.4      
 [41] deldir_0.2-10            vctrs_0.3.8              Cairo_1.5-12.2           ROCR_1.0-11             
 [45] abind_1.4-5              cachem_1.0.6             withr_2.4.2              ggforce_0.3.3           
 [49] packrat_0.7.0            vroom_1.5.5              sctransform_0.3.2        GenomicAlignments_1.26.0
 [53] prettyunits_1.1.1        goftest_1.2-2            cluster_2.1.2            DOSE_3.16.0             
 [57] lazyeval_0.2.2           crayon_1.4.1             pkgconfig_2.0.3          labeling_0.4.2          
 [61] tweenr_1.0.2             nlme_3.1-152             rlang_0.4.11             globals_0.14.0          
 [65] lifecycle_1.0.1          miniUI_0.1.1.1           downloader_0.4           modelr_0.1.8            
 [69] cellranger_1.1.0         polyclip_1.10-0          lmtest_0.9-38            loo_2.4.1               
 [73] Rhdf5lib_1.12.1          zoo_1.8-9                reprex_2.0.1             GlobalOptions_0.1.2     
 [77] processx_3.5.2           rjson_0.2.20             png_0.1-7                bitops_1.0-7            
 [81] KernSmooth_2.23-20       rhdf5filters_1.2.1       blob_1.2.2               shape_1.4.6             
 [85] qvalue_2.22.0            parallelly_1.28.1        scales_1.1.1             memoise_2.0.0           
 [89] hexbin_1.28.2            ica_1.0-2                zlibbioc_1.36.0          compiler_4.0.5          
 [93] scatterpie_0.1.7         RColorBrewer_1.1-2       clue_0.3-59              fitdistrplus_1.1-6      
 [97] Rsamtools_2.6.0          cli_3.0.1                listenv_0.8.0            patchwork_1.1.1         
[101] pbapply_1.5-0            ps_1.6.0                 MASS_7.3-54              mgcv_1.8-35             
[105] tidyselect_1.1.1         stringi_1.7.5            textshaping_0.3.4        highr_0.9               
[109] GOSemSim_2.16.1          ggrepel_0.9.1            fastmatch_1.1-3          tools_4.0.5             
[113] future.apply_1.7.0       rstudioapi_0.13          farver_2.1.0             Rtsne_0.15              
[117] ggraph_2.0.5             digest_0.6.28            rvcheck_0.1.8            BiocManager_1.30.16     
[121] shiny_1.7.1              broom_0.7.9              later_1.3.0              RcppAnnoy_0.0.19        
[125] httr_1.4.2               colorspace_2.0-2         rvest_1.0.1              XML_3.99-0.8            
[129] fs_1.5.0                 tensor_1.5               reticulate_1.20          splines_4.0.5           
[133] spatstat.utils_2.2-0     graphlayouts_0.7.1       plotly_4.9.4.1           systemfonts_1.0.2       
[137] xtable_1.8-4             jsonlite_1.7.2           tidygraph_1.2.0          rstan_2.21.2            
[141] ggfun_0.0.4              R6_2.5.1                 pillar_1.6.3             htmltools_0.5.2         
[145] mime_0.12                glue_1.4.2               fastmap_1.1.0            BiocParallel_1.24.1     
[149] codetools_0.2-18         fgsea_1.16.0             pkgbuild_1.2.0           utf8_1.2.2              
[153] lattice_0.20-44          spatstat.sparse_2.0-0    curl_4.3.2               leiden_0.3.7            
[157] gtools_3.9.2             magick_2.7.1             GO.db_3.12.1             survival_3.2-11         
[161] rmarkdown_2.11           munsell_0.5.0            GetoptLong_1.0.5         DO.db_2.9               
[165] GenomeInfoDbData_1.2.4   haven_2.4.3              reshape2_1.4.4           spatstat.core_2.1-2     


------- Log Info


2021-10-12 20:52:42 : markerHeatmap Input-Parameters, Class = list

markerHeatmap Input-Parameters$seMarker: length = 24367
class: SummarizedExperiment 
dim: 6 10 
metadata(2): MatchInfo Params
assays(7): Log2FC Mean ... AUC MeanBGD
rownames(6): 1 2 ... 5 6
rowData names(6): seqnames start ... name idx
colnames(10): C1 C2 ... C9 C10
colData names(0):


markerHeatmap Input-Parameters$cutOff: length = 1
[1] "FDR <= 0.01 & Log2FC >= 1.25"


markerHeatmap Input-Parameters$log2Norm: length = 1
[1] TRUE


markerHeatmap Input-Parameters$scaleTo: length = 1
[1] 10000


markerHeatmap Input-Parameters$scaleRows: length = 1
[1] TRUE


markerHeatmap Input-Parameters$plotLog2FC: length = 1
[1] FALSE


markerHeatmap Input-Parameters$limits: length = 2
[1] -2  2


markerHeatmap Input-Parameters$grepExclude: length = 0
NULL


markerHeatmap Input-Parameters$pal: length = 0
NULL


markerHeatmap Input-Parameters$binaryClusterRows: length = 1
[1] TRUE


markerHeatmap Input-Parameters$clusterCols: length = 1
[1] TRUE


markerHeatmap Input-Parameters$labelMarkers: length = 19
[1] "Aqp4"   "Gjb6"   "Mog"    "Aspa"   "Flt1"   "Cx3cr1"


markerHeatmap Input-Parameters$nLabel: length = 1
[1] 15


markerHeatmap Input-Parameters$nPrint: length = 1
[1] 15


markerHeatmap Input-Parameters$labelRows: length = 1
[1] FALSE


markerHeatmap Input-Parameters$returnMatrix: length = 1
[1] FALSE


markerHeatmap Input-Parameters$transpose: length = 1
[1] TRUE


markerHeatmap Input-Parameters$invert: length = 1
[1] FALSE


markerHeatmap Input-Parameters$logFile: length = 1
[1] "ArchRLogs/ArchR-plotMarkerHeatmap-3f4f651fdce4-Date-2021-10-12_Time-20-52-41.log"



2021-10-12 20:52:47 : passMat, Class = matrix
 
2021-10-12 20:52:47 : passMat, Class = array
     C1    C2    C3    C4    C5
1 FALSE FALSE FALSE FALSE FALSE
2 FALSE FALSE FALSE FALSE FALSE
3 FALSE FALSE FALSE FALSE FALSE
4 FALSE FALSE FALSE FALSE FALSE
5 FALSE FALSE FALSE FALSE FALSE

passMat: nRows = 24367, nCols = 10


2021-10-12 20:52:47 : mat, Class = matrix
 
2021-10-12 20:52:47 : mat, Class = array
         C1          C2         C3         C4          C5
1 -1.064647  0.45499669  0.7039242 -0.1014297 -0.53576166
2 -0.846483  0.01199086 -0.3423553 -0.5332813 -0.07310819
3 -1.056735  0.04822316  0.8241865 -0.9547467  1.94187983
4  1.437204 -1.07068592 -0.4213605 -0.2165286 -0.34394867
5 -1.113841 -0.96843882 -1.4230470  0.5538218  0.70645152

mat: nRows = 24367, nCols = 10


2021-10-12 20:52:49 : mat-plot, Class = matrix
 
2021-10-12 20:52:49 : mat-plot, Class = array
              C1          C2           C3         C4          C5
Gng2    1.636225 -0.86259973  0.650955333 -0.6934743 -0.50615351
Rgs1    2.000000  0.10818228  0.002846795  0.8153176 -0.35379263
Pik3r6  1.615050  0.04976755  0.118929194  1.1579080  0.02052622
Gm15555 2.000000  0.08629238  0.400329723  0.9731083 -0.17193343
Lmo2    1.744482  0.51808783 -0.181136231  1.4854322 -0.12382013

mat-plot: nRows = 5278, nCols = 10


------- Completed

End Time : 2021-10-12 20:52:50
Elapsed Time Minutes = 0.154166543483734
Elapsed Time Hours = 0.00256957001156277

-------



