
           ___      .______        ______  __    __  .______      
          /   \     |   _  \      /      ||  |  |  | |   _  \     
         /  ^  \    |  |_)  |    |  ,----'|  |__|  | |  |_)  |    
        /  /_\  \   |      /     |  |     |   __   | |      /     
       /  _____  \  |  |\  \\___ |  `----.|  |  |  | |  |\  \\___.
      /__/     \__\ | _| `._____| \______||__|  |__| | _| `._____|
    
Logging With ArchR!

Start Time : 2021-10-12 22:27:25

------- ArchR Info

ArchRThreads = 12

------- System Info

Computer OS = unix
Total Cores = 24

------- Session Info

R version 4.0.5 (2021-03-31)
Platform: x86_64-pc-linux-gnu (64-bit)
Running under: CentOS Linux 7 (Core)

Matrix products: default
BLAS:   /programs/R-4.0.5/lib/libRblas.so
LAPACK: /programs/R-4.0.5/lib/libRlapack.so

locale:
 [1] LC_CTYPE=en_US.UTF-8       LC_NUMERIC=C               LC_TIME=en_US.UTF-8        LC_COLLATE=en_US.UTF-8    
 [5] LC_MONETARY=en_US.UTF-8    LC_MESSAGES=en_US.UTF-8    LC_PAPER=en_US.UTF-8       LC_NAME=C                 
 [9] LC_ADDRESS=C               LC_TELEPHONE=C             LC_MEASUREMENT=en_US.UTF-8 LC_IDENTIFICATION=C       

attached base packages:
 [1] grid      parallel  stats4    stats     graphics  grDevices utils     datasets  methods   base     

other attached packages:
 [1] gridExtra_2.3               viridis_0.6.1               viridisLite_0.4.0           org.Mm.eg.db_3.12.0        
 [5] AnnotationDbi_1.52.0        clusterProfiler_3.18.1      forcats_0.5.1               stringr_1.4.0              
 [9] dplyr_1.0.7                 purrr_0.3.4                 readr_2.0.2                 tidyr_1.1.4                
[13] tibble_3.1.5                tidyverse_1.3.1             knitr_1.36                  ArchR_1.0.1                
[17] magrittr_2.0.1              rhdf5_2.34.0                Matrix_1.3-3                data.table_1.14.2          
[21] SummarizedExperiment_1.20.0 Biobase_2.50.0              GenomicRanges_1.42.0        GenomeInfoDb_1.26.7        
[25] IRanges_2.24.1              S4Vectors_0.28.1            BiocGenerics_0.36.1         MatrixGenerics_1.2.1       
[29] matrixStats_0.61.0          ggplot2_3.3.5              

loaded via a namespace (and not attached):
  [1] readxl_1.3.1           shadowtext_0.0.9       backports_1.2.1        circlize_0.4.13        fastmatch_1.1-3       
  [6] plyr_1.8.6             igraph_1.2.6           splines_4.0.5          BiocParallel_1.24.1    inline_0.3.19         
 [11] digest_0.6.28          GOSemSim_2.16.1        GO.db_3.12.1           fansi_0.5.0            memoise_2.0.0         
 [16] cluster_2.1.2          tzdb_0.1.2             ComplexHeatmap_2.6.2   graphlayouts_0.7.1     modelr_0.1.8          
 [21] RcppParallel_5.1.4     prettyunits_1.1.1      enrichplot_1.10.2      colorspace_2.0-2       blob_1.2.2            
 [26] rvest_1.0.1            ggrepel_0.9.1          haven_2.4.3            xfun_0.26              callr_3.7.0           
 [31] crayon_1.4.1           RCurl_1.98-1.5         jsonlite_1.7.2         hexbin_1.28.2          scatterpie_0.1.7      
 [36] glue_1.4.2             polyclip_1.10-0        gtable_0.3.0           zlibbioc_1.36.0        XVector_0.30.0        
 [41] V8_3.4.2               GetoptLong_1.0.5       DelayedArray_0.16.3    pkgbuild_1.2.0         Rhdf5lib_1.12.1       
 [46] rstan_2.21.2           shape_1.4.6            scales_1.1.1           DOSE_3.16.0            DBI_1.1.1             
 [51] Rcpp_1.0.7             clue_0.3-59            bit_4.0.4              StanHeaders_2.21.0-7   httr_1.4.2            
 [56] fgsea_1.16.0           RColorBrewer_1.1-2     ellipsis_0.3.2         loo_2.4.1              pkgconfig_2.0.3       
 [61] farver_2.1.0           dbplyr_2.1.1           utf8_1.2.2             tidyselect_1.1.1       labeling_0.4.2        
 [66] rlang_0.4.11           reshape2_1.4.4         munsell_0.5.0          cellranger_1.1.0       tools_4.0.5           
 [71] cachem_1.0.6           downloader_0.4         cli_3.0.1              generics_0.1.0         RSQLite_2.2.8         
 [76] broom_0.7.9            fastmap_1.1.0          processx_3.5.2         bit64_4.0.5            fs_1.5.0              
 [81] tidygraph_1.2.0        ggraph_2.0.5           packrat_0.7.0          DO.db_2.9              xml2_1.3.2            
 [86] compiler_4.0.5         rstudioapi_0.13        curl_4.3.2             png_0.1-7              reprex_2.0.1          
 [91] tweenr_1.0.2           stringi_1.7.5          ps_1.6.0               lattice_0.20-44        vctrs_0.3.8           
 [96] pillar_1.6.3           lifecycle_1.0.1        rhdf5filters_1.2.1     BiocManager_1.30.16    GlobalOptions_0.1.2   
[101] cowplot_1.1.1          bitops_1.0-7           qvalue_2.22.0          R6_2.5.1               codetools_0.2-18      
[106] gtools_3.9.2           MASS_7.3-54            assertthat_0.2.1       rjson_0.2.20           withr_2.4.2           
[111] GenomeInfoDbData_1.2.4 hms_1.1.1              ggfun_0.0.4            rvcheck_0.1.8          Cairo_1.5-12.2        
[116] ggforce_0.3.3          lubridate_1.7.10      


------- Log Info


2021-10-12 22:27:27 : Input-Parameters, Class = list

Input-Parameters$ArchRProj: length = 1

Input-Parameters$embedding: length = 1
[1] "UMAP"


Input-Parameters$colorBy: length = 1
[1] "GeneScoreMatrix"


Input-Parameters$name: length = 22
[1] "Aqp4"  "Gjb6"  "Mog"   "Aspa"  "Nfasc" "Klk6" 


Input-Parameters$log2Norm: length = 0
NULL


Input-Parameters$pal: length = 0
NULL


Input-Parameters$size: length = 1
[1] 0.1


Input-Parameters$sampleCells: length = 0
NULL


Input-Parameters$highlightCells: length = 0
NULL


Input-Parameters$rastr: length = 1
[1] TRUE


Input-Parameters$quantCut: length = 2
[1] 0.01 0.99


Input-Parameters$discreteSet: length = 0
NULL


Input-Parameters$continuousSet: length = 0
NULL


Input-Parameters$randomize: length = 1
[1] TRUE


Input-Parameters$keepAxis: length = 1
[1] FALSE


Input-Parameters$baseSize: length = 1
[1] 10


Input-Parameters$plotAs: length = 0
NULL


Input-Parameters$threads: length = 1
[1] 12


Input-Parameters$logFile: length = 1
[1] "ArchRLogs/ArchR-plotEmbedding-714612ef1221-Date-2021-10-12_Time-22-27-25.log"



2021-10-12 22:27:27 : 

2021-10-12 22:27:27 : Embedding data.frame, Class = data.frame
Embedding data.frame: nRows = 10642, nCols = 2



2021-10-12 22:27:29 : 

2021-10-12 22:27:29 : 

2021-10-12 22:27:30 : FeatureDF, Class = DFrame
DataFrame with 24367 rows and 6 columns
      seqnames    start      end  strand    name     idx
         <Rle>  <array>  <array> <array> <array> <array>
1         chr1  3671498  3214482       2    Xkr4       1
2         chr1  4409241  4290846       2     Rp1       2
3         chr1  4497354  4490928       2   Sox17       3
4         chr1  4785726  4773198       2  Mrpl15       4
5         chr1  4807893  4846735       1  Lypla1       5
...        ...      ...      ...     ...     ...     ...
24363     chrY 66742170 66739797       2 Gm20852      30
24364     chrY 78836719 78835721       2 Gm20806      31
24365     chrY 79149787 79148793       2 Gm20917      32
24366     chrY 85529519 85528523       2 Gm20854      33
24367     chrY 90784610 90816465       1   Erdr1      34


2021-10-12 22:27:33 : idx, Class = integer

idx: length = 22
[1]  9924  6640  9385  3316   788 19413



2021-10-12 22:27:33 : FeatureDF-Subset, Class = DFrame
DataFrame with 22 rows and 6 columns
    seqnames     start       end  strand    name     idx
       <Rle>   <array>   <array> <array> <array> <array>
1      chr18  15410982  15389394       2    Aqp4      68
2      chr14  57133611  57123301       2    Gjb6     526
3      chr17  37023398  37010740       2     Mog     713
4      chr11  73324637  73304988       2    Aspa     811
5       chr1 132741797 132564690       2   Nfasc     788
...      ...       ...       ...     ...     ...     ...
18      chr6  83237375  83304945       1  Slc4a5     596
19      chr3  27896368  27866065       2 Tmem212      84
20      chr2  14229414  14332023       1    Mrc1     110
21      chr9 111311739 111395775       1  Trank1    1212
22      chr7  25005937  24978167       2  Atp1a3     471


2021-10-12 22:27:36 : Feature-Matrix, Class = dgCMatrix
Feature-Matrix: nRows = 22, nCols = 10642
Feature-Matrix: NonZeroEntries = 23840, EntryRange = [ 0.086 , 83.194 ]
5 x 5 sparse Matrix of class "dgCMatrix"
     Ctrl2_DEDUP#ACGAGCCATGATCAGGTCGTCGTATG Ctrl2_DEDUP#GTTAATATTAGGAGACTATCTACGCG Ctrl2_DEDUP#GTTAATATCCGTGCGGCGCTACGCGA
[1,]                                  .                                      .                                       .   
[2,]                                  .                                      0.272                                   .   
[3,]                                  .                                      .                                       .   
[4,]                                  .                                      .                                       .   
[5,]                                  1.362                                  2.144                                   1.76
     Ctrl2_DEDUP#GTTAATATCTTTGATGTCGTCGTATG Ctrl2_DEDUP#GTTAATATTGTTGCTCTATCTACGCG
[1,]                                  .                                      .    
[2,]                                  0.198                                  .    
[3,]                                  .                                      1.574
[4,]                                  .                                      .    
[5,]                                  3.638                                  2.353



2021-10-12 22:27:36 : colorMat-Before-Impute, Class = matrix
 
2021-10-12 22:27:36 : colorMat-Before-Impute, Class = array
      Ctrl2_DEDUP#ACGAGCCATGATCAGGTCGTCGTATG Ctrl2_DEDUP#GTTAATATTAGGAGACTATCTACGCG Ctrl2_DEDUP#GTTAATATCCGTGCGGCGCTACGCGA
Aqp4                                   0.000                                  0.000                                   0.00
Gjb6                                   0.000                                  0.272                                   0.00
Mog                                    0.000                                  0.000                                   0.00
Aspa                                   0.000                                  0.000                                   0.00
Nfasc                                  1.362                                  2.144                                   1.76
      Ctrl2_DEDUP#GTTAATATCTTTGATGTCGTCGTATG Ctrl2_DEDUP#GTTAATATTGTTGCTCTATCTACGCG
Aqp4                                   0.000                                  0.000
Gjb6                                   0.198                                  0.000
Mog                                    0.000                                  1.574
Aspa                                   0.000                                  0.000
Nfasc                                  3.638                                  2.353

colorMat-Before-Impute: nRows = 22, nCols = 10642


2021-10-12 22:27:36 : imputeMatrix Input-Parameters, Class = list

imputeMatrix Input-Parameters$mat: nRows = 22, nCols = 10642
      Ctrl2_DEDUP#ACGAGCCATGATCAGGTCGTCGTATG Ctrl2_DEDUP#GTTAATATTAGGAGACTATCTACGCG Ctrl2_DEDUP#GTTAATATCCGTGCGGCGCTACGCGA
Aqp4                                   0.000                                  0.000                                   0.00
Gjb6                                   0.000                                  0.272                                   0.00
Mog                                    0.000                                  0.000                                   0.00
Aspa                                   0.000                                  0.000                                   0.00
Nfasc                                  1.362                                  2.144                                   1.76
      Ctrl2_DEDUP#GTTAATATCTTTGATGTCGTCGTATG Ctrl2_DEDUP#GTTAATATTGTTGCTCTATCTACGCG
Aqp4                                   0.000                                  0.000
Gjb6                                   0.198                                  0.000
Mog                                    0.000                                  1.574
Aspa                                   0.000                                  0.000
Nfasc                                  3.638                                  2.353


imputeMatrix Input-Parameters$threads: length = 1
[1] 12


imputeMatrix Input-Parameters$verbose: length = 1
[1] FALSE


imputeMatrix Input-Parameters$logFile: length = 1
[1] "ArchRLogs/ArchR-plotEmbedding-714612ef1221-Date-2021-10-12_Time-22-27-25.log"



2021-10-12 22:27:36 : mat, Class = matrix
 
2021-10-12 22:27:36 : mat, Class = array
      Ctrl2_DEDUP#ACGAGCCATGATCAGGTCGTCGTATG Ctrl2_DEDUP#GTTAATATTAGGAGACTATCTACGCG Ctrl2_DEDUP#GTTAATATCCGTGCGGCGCTACGCGA
Aqp4                                   0.000                                  0.000                                   0.00
Gjb6                                   0.000                                  0.272                                   0.00
Mog                                    0.000                                  0.000                                   0.00
Aspa                                   0.000                                  0.000                                   0.00
Nfasc                                  1.362                                  2.144                                   1.76
      Ctrl2_DEDUP#GTTAATATCTTTGATGTCGTCGTATG Ctrl2_DEDUP#GTTAATATTGTTGCTCTATCTACGCG
Aqp4                                   0.000                                  0.000
Gjb6                                   0.198                                  0.000
Mog                                    0.000                                  1.574
Aspa                                   0.000                                  0.000
Nfasc                                  3.638                                  2.353

mat: nRows = 22, nCols = 10642


2021-10-12 22:27:36 : weightList, Class = SimpleList

weightList$w1: length = 1
[1] "/home/pr46_0001/af547/git/striata/Striata/ImputeWeights/Impute-Weights-Rep-1"


weightList$w2: length = 1
[1] "/home/pr46_0001/af547/git/striata/Striata/ImputeWeights/Impute-Weights-Rep-2"


2021-10-12 22:27:36 : Imputing Matrix (1 of 2), 0 mins elapsed.

2021-10-12 22:27:36 : 

2021-10-12 22:27:36 : 

2021-10-12 22:27:36 : 
2021-10-12 22:27:40 : Imputing Matrix (2 of 2), 0.059 mins elapsed.

2021-10-12 22:27:40 : 

2021-10-12 22:27:40 : 

2021-10-12 22:27:40 : 
2021-10-12 22:27:43 : Finished Imputing Matrix, 0.118 mins elapsed.

2021-10-12 22:27:43 : colorMat-After-Impute, Class = matrix
 
2021-10-12 22:27:43 : colorMat-After-Impute, Class = array
      Ctrl2_DEDUP#ACGAGCCATGATCAGGTCGTCGTATG Ctrl2_DEDUP#GTTAATATTAGGAGACTATCTACGCG Ctrl2_DEDUP#GTTAATATCCGTGCGGCGCTACGCGA
Aqp4                              0.18578373                             0.08819695                             0.15336309
Gjb6                              0.10803946                             0.06797758                             0.10699033
Mog                               0.21985915                             0.29608561                             0.25482416
Aspa                              0.02297299                             0.03369132                             0.03949883
Nfasc                             1.92556723                             2.08700267                             1.94807348
      Ctrl2_DEDUP#GTTAATATCTTTGATGTCGTCGTATG Ctrl2_DEDUP#GTTAATATTGTTGCTCTATCTACGCG
Aqp4                              0.06187904                             0.08843773
Gjb6                              0.16799700                             0.12948520
Mog                               0.43544324                             0.63146003
Aspa                              0.02395468                             0.20404504
Nfasc                             3.27868259                             2.53690995

colorMat-After-Impute: nRows = 22, nCols = 10642


2021-10-12 22:27:43 : ColorParams 1, Class = list

ColorParams 1$color: length = 10642
Ctrl2_DEDUP#ACGAGCCATGATCAGGTCGTCGTATG Ctrl2_DEDUP#GTTAATATTAGGAGACTATCTACGCG Ctrl2_DEDUP#GTTAATATCCGTGCGGCGCTACGCGA 
                            0.18578373                             0.08819695                             0.15336309 
Ctrl2_DEDUP#GTTAATATCTTTGATGTCGTCGTATG Ctrl2_DEDUP#GTTAATATTGTTGCTCTATCTACGCG Ctrl2_DEDUP#ACGAGCCATCGGTGTAGCTCTGTTAG 
                            0.06187904                             0.08843773                             0.13416083 


ColorParams 1$discrete: length = 1
[1] FALSE


ColorParams 1$title: length = 1
[1] "UMAP of IterativeLSI colored by\nGeneScoreMatrix : Aqp4"


ColorParams 1$continuousSet: length = 1
[1] "horizonExtra"



2021-10-12 22:27:43 : PlotParams-1, Class = list

PlotParams-1$color: length = 10642
Ctrl2_DEDUP#ACGAGCCATGATCAGGTCGTCGTATG Ctrl2_DEDUP#GTTAATATTAGGAGACTATCTACGCG Ctrl2_DEDUP#GTTAATATCCGTGCGGCGCTACGCGA 
                            0.24584090                             0.12193969                             0.20584675 
Ctrl2_DEDUP#GTTAATATCTTTGATGTCGTCGTATG Ctrl2_DEDUP#GTTAATATTGTTGCTCTATCTACGCG Ctrl2_DEDUP#ACGAGCCATCGGTGTAGCTCTGTTAG 
                            0.08661944                             0.12225888                             0.18162524 


PlotParams-1$title: length = 1
[1] "UMAP of IterativeLSI colored by\nGeneScoreMatrix : Aqp4"


PlotParams-1$x: length = 10642
[1] -1.9416106  1.8436613 -0.8846102  3.9229872  3.8731846 -2.6343535


PlotParams-1$y: length = 10642
[1] -1.4274131 -3.1153964 -1.5511473 -3.3045243 -0.5417968 -2.1464170


PlotParams-1$baseSize: length = 1
[1] 10


PlotParams-1$xlabel: length = 1
[1] "UMAP Dimension 1"


PlotParams-1$ylabel: length = 1
[1] "UMAP Dimension 2"


PlotParams-1$pal: length = 256
[1] "#000436" "#000439" "#00053D" "#000640" "#000744" "#000848"


PlotParams-1$colorTitle: length = 1
[1] "Log2(NormCounts + 1)"



2021-10-12 22:27:46 : PlotParams-2, Class = list

PlotParams-2$color: length = 10642
Ctrl2_DEDUP#ACGAGCCATGATCAGGTCGTCGTATG Ctrl2_DEDUP#GTTAATATTAGGAGACTATCTACGCG Ctrl2_DEDUP#GTTAATATCCGTGCGGCGCTACGCGA 
                            0.14800927                             0.09488136                             0.14664262 
Ctrl2_DEDUP#GTTAATATCTTTGATGTCGTCGTATG Ctrl2_DEDUP#GTTAATATTGTTGCTCTATCTACGCG Ctrl2_DEDUP#ACGAGCCATCGGTGTAGCTCTGTTAG 
                            0.22403657                             0.17566536                             0.17509357 


PlotParams-2$title: length = 1
[1] "UMAP of IterativeLSI colored by\nGeneScoreMatrix : Gjb6"


PlotParams-2$x: length = 10642
[1] -1.9416106  1.8436613 -0.8846102  3.9229872  3.8731846 -2.6343535


PlotParams-2$y: length = 10642
[1] -1.4274131 -3.1153964 -1.5511473 -3.3045243 -0.5417968 -2.1464170


PlotParams-2$baseSize: length = 1
[1] 10


PlotParams-2$xlabel: length = 1
[1] "UMAP Dimension 1"


PlotParams-2$ylabel: length = 1
[1] "UMAP Dimension 2"


PlotParams-2$pal: length = 256
[1] "#000436" "#000439" "#00053D" "#000640" "#000744" "#000848"


PlotParams-2$colorTitle: length = 1
[1] "Log2(NormCounts + 1)"



2021-10-12 22:27:48 : PlotParams-3, Class = list

PlotParams-3$color: length = 10642
Ctrl2_DEDUP#ACGAGCCATGATCAGGTCGTCGTATG Ctrl2_DEDUP#GTTAATATTAGGAGACTATCTACGCG Ctrl2_DEDUP#GTTAATATCCGTGCGGCGCTACGCGA 
                             0.2867146                              0.3741610                              0.3274852 
Ctrl2_DEDUP#GTTAATATCTTTGATGTCGTCGTATG Ctrl2_DEDUP#GTTAATATTGTTGCTCTATCTACGCG Ctrl2_DEDUP#ACGAGCCATCGGTGTAGCTCTGTTAG 
                             0.5214963                              0.7061636                              0.4241666 


PlotParams-3$title: length = 1
[1] "UMAP of IterativeLSI colored by\nGeneScoreMatrix : Mog"


PlotParams-3$x: length = 10642
[1] -1.9416106  1.8436613 -0.8846102  3.9229872  3.8731846 -2.6343535


PlotParams-3$y: length = 10642
[1] -1.4274131 -3.1153964 -1.5511473 -3.3045243 -0.5417968 -2.1464170


PlotParams-3$baseSize: length = 1
[1] 10


PlotParams-3$xlabel: length = 1
[1] "UMAP Dimension 1"


PlotParams-3$ylabel: length = 1
[1] "UMAP Dimension 2"


PlotParams-3$pal: length = 256
[1] "#000436" "#000439" "#00053D" "#000640" "#000744" "#000848"


PlotParams-3$colorTitle: length = 1
[1] "Log2(NormCounts + 1)"



2021-10-12 22:27:50 : PlotParams-4, Class = list

PlotParams-4$color: length = 10642
Ctrl2_DEDUP#ACGAGCCATGATCAGGTCGTCGTATG Ctrl2_DEDUP#GTTAATATTAGGAGACTATCTACGCG Ctrl2_DEDUP#GTTAATATCCGTGCGGCGCTACGCGA 
                            0.03276805                             0.04780544                             0.05588814 
Ctrl2_DEDUP#GTTAATATCTTTGATGTCGTCGTATG Ctrl2_DEDUP#GTTAATATTGTTGCTCTATCTACGCG Ctrl2_DEDUP#ACGAGCCATCGGTGTAGCTCTGTTAG 
                            0.03415186                             0.26788936                             0.05686729 


PlotParams-4$title: length = 1
[1] "UMAP of IterativeLSI colored by\nGeneScoreMatrix : Aspa"


PlotParams-4$x: length = 10642
[1] -1.9416106  1.8436613 -0.8846102  3.9229872  3.8731846 -2.6343535


PlotParams-4$y: length = 10642
[1] -1.4274131 -3.1153964 -1.5511473 -3.3045243 -0.5417968 -2.1464170


PlotParams-4$baseSize: length = 1
[1] 10


PlotParams-4$xlabel: length = 1
[1] "UMAP Dimension 1"


PlotParams-4$ylabel: length = 1
[1] "UMAP Dimension 2"


PlotParams-4$pal: length = 256
[1] "#000436" "#000439" "#00053D" "#000640" "#000744" "#000848"


PlotParams-4$colorTitle: length = 1
[1] "Log2(NormCounts + 1)"



2021-10-12 22:27:52 : PlotParams-5, Class = list

PlotParams-5$color: length = 10642
Ctrl2_DEDUP#ACGAGCCATGATCAGGTCGTCGTATG Ctrl2_DEDUP#GTTAATATTAGGAGACTATCTACGCG Ctrl2_DEDUP#GTTAATATCCGTGCGGCGCTACGCGA 
                              1.548716                               1.626207                               1.559772 
Ctrl2_DEDUP#GTTAATATCTTTGATGTCGTCGTATG Ctrl2_DEDUP#GTTAATATTGTTGCTCTATCTACGCG Ctrl2_DEDUP#ACGAGCCATCGGTGTAGCTCTGTTAG 
                              2.097167                               1.822489                               1.395851 


PlotParams-5$title: length = 1
[1] "UMAP of IterativeLSI colored by\nGeneScoreMatrix : Nfasc"


PlotParams-5$x: length = 10642
[1] -1.9416106  1.8436613 -0.8846102  3.9229872  3.8731846 -2.6343535


PlotParams-5$y: length = 10642
[1] -1.4274131 -3.1153964 -1.5511473 -3.3045243 -0.5417968 -2.1464170


PlotParams-5$baseSize: length = 1
[1] 10


PlotParams-5$xlabel: length = 1
[1] "UMAP Dimension 1"


PlotParams-5$ylabel: length = 1
[1] "UMAP Dimension 2"


PlotParams-5$pal: length = 256
[1] "#000436" "#000439" "#00053D" "#000640" "#000744" "#000848"


PlotParams-5$colorTitle: length = 1
[1] "Log2(NormCounts + 1)"



2021-10-12 22:27:53 : PlotParams-6, Class = list

PlotParams-6$color: length = 10642
Ctrl2_DEDUP#ACGAGCCATGATCAGGTCGTCGTATG Ctrl2_DEDUP#GTTAATATTAGGAGACTATCTACGCG Ctrl2_DEDUP#GTTAATATCCGTGCGGCGCTACGCGA 
                            0.03498113                             0.02587943                             0.02097174 
Ctrl2_DEDUP#GTTAATATCTTTGATGTCGTCGTATG Ctrl2_DEDUP#GTTAATATTGTTGCTCTATCTACGCG Ctrl2_DEDUP#ACGAGCCATCGGTGTAGCTCTGTTAG 
                            0.12939693                             0.06641688                             0.04044327 


PlotParams-6$title: length = 1
[1] "UMAP of IterativeLSI colored by\nGeneScoreMatrix : Klk6"


PlotParams-6$x: length = 10642
[1] -1.9416106  1.8436613 -0.8846102  3.9229872  3.8731846 -2.6343535


PlotParams-6$y: length = 10642
[1] -1.4274131 -3.1153964 -1.5511473 -3.3045243 -0.5417968 -2.1464170


PlotParams-6$baseSize: length = 1
[1] 10


PlotParams-6$xlabel: length = 1
[1] "UMAP Dimension 1"


PlotParams-6$ylabel: length = 1
[1] "UMAP Dimension 2"


PlotParams-6$pal: length = 256
[1] "#000436" "#000439" "#00053D" "#000640" "#000744" "#000848"


PlotParams-6$colorTitle: length = 1
[1] "Log2(NormCounts + 1)"



2021-10-12 22:27:55 : PlotParams-7, Class = list

PlotParams-7$color: length = 10642
Ctrl2_DEDUP#ACGAGCCATGATCAGGTCGTCGTATG Ctrl2_DEDUP#GTTAATATTAGGAGACTATCTACGCG Ctrl2_DEDUP#GTTAATATCCGTGCGGCGCTACGCGA 
                             0.3103040                              0.3529491                              0.2780942 
Ctrl2_DEDUP#GTTAATATCTTTGATGTCGTCGTATG Ctrl2_DEDUP#GTTAATATTGTTGCTCTATCTACGCG Ctrl2_DEDUP#ACGAGCCATCGGTGTAGCTCTGTTAG 
                             0.3643464                              0.3664924                              0.2716620 


PlotParams-7$title: length = 1
[1] "UMAP of IterativeLSI colored by\nGeneScoreMatrix : Flt1"


PlotParams-7$x: length = 10642
[1] -1.9416106  1.8436613 -0.8846102  3.9229872  3.8731846 -2.6343535


PlotParams-7$y: length = 10642
[1] -1.4274131 -3.1153964 -1.5511473 -3.3045243 -0.5417968 -2.1464170


PlotParams-7$baseSize: length = 1
[1] 10


PlotParams-7$xlabel: length = 1
[1] "UMAP Dimension 1"


PlotParams-7$ylabel: length = 1
[1] "UMAP Dimension 2"


PlotParams-7$pal: length = 256
[1] "#000436" "#000439" "#00053D" "#000640" "#000744" "#000848"


PlotParams-7$colorTitle: length = 1
[1] "Log2(NormCounts + 1)"



2021-10-12 22:27:56 : PlotParams-8, Class = list

PlotParams-8$color: length = 10642
Ctrl2_DEDUP#ACGAGCCATGATCAGGTCGTCGTATG Ctrl2_DEDUP#GTTAATATTAGGAGACTATCTACGCG Ctrl2_DEDUP#GTTAATATCCGTGCGGCGCTACGCGA 
                             0.1507311                              0.1831946                              0.1429302 
Ctrl2_DEDUP#GTTAATATCTTTGATGTCGTCGTATG Ctrl2_DEDUP#GTTAATATTGTTGCTCTATCTACGCG Ctrl2_DEDUP#ACGAGCCATCGGTGTAGCTCTGTTAG 
                             0.1155236                              0.3631390                              1.4231732 


PlotParams-8$title: length = 1
[1] "UMAP of IterativeLSI colored by\nGeneScoreMatrix : Cx3cr1"


PlotParams-8$x: length = 10642
[1] -1.9416106  1.8436613 -0.8846102  3.9229872  3.8731846 -2.6343535


PlotParams-8$y: length = 10642
[1] -1.4274131 -3.1153964 -1.5511473 -3.3045243 -0.5417968 -2.1464170


PlotParams-8$baseSize: length = 1
[1] 10


PlotParams-8$xlabel: length = 1
[1] "UMAP Dimension 1"


PlotParams-8$ylabel: length = 1
[1] "UMAP Dimension 2"


PlotParams-8$pal: length = 256
[1] "#000436" "#000439" "#00053D" "#000640" "#000744" "#000848"


PlotParams-8$colorTitle: length = 1
[1] "Log2(NormCounts + 1)"



2021-10-12 22:27:58 : PlotParams-9, Class = list

PlotParams-9$color: length = 10642
Ctrl2_DEDUP#ACGAGCCATGATCAGGTCGTCGTATG Ctrl2_DEDUP#GTTAATATTAGGAGACTATCTACGCG Ctrl2_DEDUP#GTTAATATCCGTGCGGCGCTACGCGA 
                             0.1514704                              0.2496513                              0.1691186 
Ctrl2_DEDUP#GTTAATATCTTTGATGTCGTCGTATG Ctrl2_DEDUP#GTTAATATTGTTGCTCTATCTACGCG Ctrl2_DEDUP#ACGAGCCATCGGTGTAGCTCTGTTAG 
                             0.2214549                              0.2657939                              0.6469482 


PlotParams-9$title: length = 1
[1] "UMAP of IterativeLSI colored by\nGeneScoreMatrix : Tmem119"


PlotParams-9$x: length = 10642
[1] -1.9416106  1.8436613 -0.8846102  3.9229872  3.8731846 -2.6343535


PlotParams-9$y: length = 10642
[1] -1.4274131 -3.1153964 -1.5511473 -3.3045243 -0.5417968 -2.1464170


PlotParams-9$baseSize: length = 1
[1] 10


PlotParams-9$xlabel: length = 1
[1] "UMAP Dimension 1"


PlotParams-9$ylabel: length = 1
[1] "UMAP Dimension 2"


PlotParams-9$pal: length = 256
[1] "#000436" "#000439" "#00053D" "#000640" "#000744" "#000848"


PlotParams-9$colorTitle: length = 1
[1] "Log2(NormCounts + 1)"



2021-10-12 22:28:00 : PlotParams-10, Class = list

PlotParams-10$color: length = 10642
Ctrl2_DEDUP#ACGAGCCATGATCAGGTCGTCGTATG Ctrl2_DEDUP#GTTAATATTAGGAGACTATCTACGCG Ctrl2_DEDUP#GTTAATATCCGTGCGGCGCTACGCGA 
                             0.8721797                              0.6208341                              0.7269993 
Ctrl2_DEDUP#GTTAATATCTTTGATGTCGTCGTATG Ctrl2_DEDUP#GTTAATATTGTTGCTCTATCTACGCG Ctrl2_DEDUP#ACGAGCCATCGGTGTAGCTCTGTTAG 
                             0.5073024                              0.6503245                              1.1803823 


PlotParams-10$title: length = 1
[1] "UMAP of IterativeLSI colored by\nGeneScoreMatrix : Olfml3"


PlotParams-10$x: length = 10642
[1] -1.9416106  1.8436613 -0.8846102  3.9229872  3.8731846 -2.6343535


PlotParams-10$y: length = 10642
[1] -1.4274131 -3.1153964 -1.5511473 -3.3045243 -0.5417968 -2.1464170


PlotParams-10$baseSize: length = 1
[1] 10


PlotParams-10$xlabel: length = 1
[1] "UMAP Dimension 1"


PlotParams-10$ylabel: length = 1
[1] "UMAP Dimension 2"


PlotParams-10$pal: length = 256
[1] "#000436" "#000439" "#00053D" "#000640" "#000744" "#000848"


PlotParams-10$colorTitle: length = 1
[1] "Log2(NormCounts + 1)"



2021-10-12 22:28:02 : PlotParams-11, Class = list

PlotParams-11$color: length = 10642
Ctrl2_DEDUP#ACGAGCCATGATCAGGTCGTCGTATG Ctrl2_DEDUP#GTTAATATTAGGAGACTATCTACGCG Ctrl2_DEDUP#GTTAATATCCGTGCGGCGCTACGCGA 
                             0.1792620                              0.2027202                              0.1642505 
Ctrl2_DEDUP#GTTAATATCTTTGATGTCGTCGTATG Ctrl2_DEDUP#GTTAATATTGTTGCTCTATCTACGCG Ctrl2_DEDUP#ACGAGCCATCGGTGTAGCTCTGTTAG 
                             0.1146650                              0.2324243                              0.3302263 


PlotParams-11$title: length = 1
[1] "UMAP of IterativeLSI colored by\nGeneScoreMatrix : Mlxipl"


PlotParams-11$x: length = 10642
[1] -1.9416106  1.8436613 -0.8846102  3.9229872  3.8731846 -2.6343535


PlotParams-11$y: length = 10642
[1] -1.4274131 -3.1153964 -1.5511473 -3.3045243 -0.5417968 -2.1464170


PlotParams-11$baseSize: length = 1
[1] 10


PlotParams-11$xlabel: length = 1
[1] "UMAP Dimension 1"


PlotParams-11$ylabel: length = 1
[1] "UMAP Dimension 2"


PlotParams-11$pal: length = 256
[1] "#000436" "#000439" "#00053D" "#000640" "#000744" "#000848"


PlotParams-11$colorTitle: length = 1
[1] "Log2(NormCounts + 1)"



2021-10-12 22:28:04 : PlotParams-12, Class = list

PlotParams-12$color: length = 10642
Ctrl2_DEDUP#ACGAGCCATGATCAGGTCGTCGTATG Ctrl2_DEDUP#GTTAATATTAGGAGACTATCTACGCG Ctrl2_DEDUP#GTTAATATCCGTGCGGCGCTACGCGA 
                            0.06998570                             0.08610598                             0.06923558 
Ctrl2_DEDUP#GTTAATATCTTTGATGTCGTCGTATG Ctrl2_DEDUP#GTTAATATTGTTGCTCTATCTACGCG Ctrl2_DEDUP#ACGAGCCATCGGTGTAGCTCTGTTAG 
                            0.08827900                             0.05185066                             0.13356310 


PlotParams-12$title: length = 1
[1] "UMAP of IterativeLSI colored by\nGeneScoreMatrix : Mrc1"


PlotParams-12$x: length = 10642
[1] -1.9416106  1.8436613 -0.8846102  3.9229872  3.8731846 -2.6343535


PlotParams-12$y: length = 10642
[1] -1.4274131 -3.1153964 -1.5511473 -3.3045243 -0.5417968 -2.1464170


PlotParams-12$baseSize: length = 1
[1] 10


PlotParams-12$xlabel: length = 1
[1] "UMAP Dimension 1"


PlotParams-12$ylabel: length = 1
[1] "UMAP Dimension 2"


PlotParams-12$pal: length = 256
[1] "#000436" "#000439" "#00053D" "#000640" "#000744" "#000848"


PlotParams-12$colorTitle: length = 1
[1] "Log2(NormCounts + 1)"



2021-10-12 22:28:06 : PlotParams-13, Class = list

PlotParams-13$color: length = 10642
Ctrl2_DEDUP#ACGAGCCATGATCAGGTCGTCGTATG Ctrl2_DEDUP#GTTAATATTAGGAGACTATCTACGCG Ctrl2_DEDUP#GTTAATATCCGTGCGGCGCTACGCGA 
                             0.1375335                              0.2438412                              0.1522056 
Ctrl2_DEDUP#GTTAATATCTTTGATGTCGTCGTATG Ctrl2_DEDUP#GTTAATATTGTTGCTCTATCTACGCG Ctrl2_DEDUP#ACGAGCCATCGGTGTAGCTCTGTTAG 
                             0.1452207                              0.2156686                              0.1163234 


PlotParams-13$title: length = 1
[1] "UMAP of IterativeLSI colored by\nGeneScoreMatrix : Pdgfra"


PlotParams-13$x: length = 10642
[1] -1.9416106  1.8436613 -0.8846102  3.9229872  3.8731846 -2.6343535


PlotParams-13$y: length = 10642
[1] -1.4274131 -3.1153964 -1.5511473 -3.3045243 -0.5417968 -2.1464170


PlotParams-13$baseSize: length = 1
[1] 10


PlotParams-13$xlabel: length = 1
[1] "UMAP Dimension 1"


PlotParams-13$ylabel: length = 1
[1] "UMAP Dimension 2"


PlotParams-13$pal: length = 256
[1] "#000436" "#000439" "#00053D" "#000640" "#000744" "#000848"


PlotParams-13$colorTitle: length = 1
[1] "Log2(NormCounts + 1)"



2021-10-12 22:28:07 : PlotParams-14, Class = list

PlotParams-14$color: length = 10642
Ctrl2_DEDUP#ACGAGCCATGATCAGGTCGTCGTATG Ctrl2_DEDUP#GTTAATATTAGGAGACTATCTACGCG Ctrl2_DEDUP#GTTAATATCCGTGCGGCGCTACGCGA 
                             0.4645840                              0.8434088                              0.6771668 
Ctrl2_DEDUP#GTTAATATCTTTGATGTCGTCGTATG Ctrl2_DEDUP#GTTAATATTGTTGCTCTATCTACGCG Ctrl2_DEDUP#ACGAGCCATCGGTGTAGCTCTGTTAG 
                             0.4959629                              0.6689353                              0.2627819 


PlotParams-14$title: length = 1
[1] "UMAP of IterativeLSI colored by\nGeneScoreMatrix : Dlx1"


PlotParams-14$x: length = 10642
[1] -1.9416106  1.8436613 -0.8846102  3.9229872  3.8731846 -2.6343535


PlotParams-14$y: length = 10642
[1] -1.4274131 -3.1153964 -1.5511473 -3.3045243 -0.5417968 -2.1464170


PlotParams-14$baseSize: length = 1
[1] 10


PlotParams-14$xlabel: length = 1
[1] "UMAP Dimension 1"


PlotParams-14$ylabel: length = 1
[1] "UMAP Dimension 2"


PlotParams-14$pal: length = 256
[1] "#000436" "#000439" "#00053D" "#000640" "#000744" "#000848"


PlotParams-14$colorTitle: length = 1
[1] "Log2(NormCounts + 1)"



2021-10-12 22:28:10 : PlotParams-15, Class = list

PlotParams-15$color: length = 10642
Ctrl2_DEDUP#ACGAGCCATGATCAGGTCGTCGTATG Ctrl2_DEDUP#GTTAATATTAGGAGACTATCTACGCG Ctrl2_DEDUP#GTTAATATCCGTGCGGCGCTACGCGA 
                            0.16408749                             0.21209214                             0.18433941 
Ctrl2_DEDUP#GTTAATATCTTTGATGTCGTCGTATG Ctrl2_DEDUP#GTTAATATTGTTGCTCTATCTACGCG Ctrl2_DEDUP#ACGAGCCATCGGTGTAGCTCTGTTAG 
                            0.38969821                             0.19223265                             0.07408842 


PlotParams-15$title: length = 1
[1] "UMAP of IterativeLSI colored by\nGeneScoreMatrix : A930009A15Rik"


PlotParams-15$x: length = 10642
[1] -1.9416106  1.8436613 -0.8846102  3.9229872  3.8731846 -2.6343535


PlotParams-15$y: length = 10642
[1] -1.4274131 -3.1153964 -1.5511473 -3.3045243 -0.5417968 -2.1464170


PlotParams-15$baseSize: length = 1
[1] 10


PlotParams-15$xlabel: length = 1
[1] "UMAP Dimension 1"


PlotParams-15$ylabel: length = 1
[1] "UMAP Dimension 2"


PlotParams-15$pal: length = 256
[1] "#000436" "#000439" "#00053D" "#000640" "#000744" "#000848"


PlotParams-15$colorTitle: length = 1
[1] "Log2(NormCounts + 1)"



2021-10-12 22:28:12 : PlotParams-16, Class = list

PlotParams-16$color: length = 10642
Ctrl2_DEDUP#ACGAGCCATGATCAGGTCGTCGTATG Ctrl2_DEDUP#GTTAATATTAGGAGACTATCTACGCG Ctrl2_DEDUP#GTTAATATCCGTGCGGCGCTACGCGA 
                             0.2353474                              0.2262746                              0.2526648 
Ctrl2_DEDUP#GTTAATATCTTTGATGTCGTCGTATG Ctrl2_DEDUP#GTTAATATTGTTGCTCTATCTACGCG Ctrl2_DEDUP#ACGAGCCATCGGTGTAGCTCTGTTAG 
                             0.2039720                              0.3112467                              0.2904724 


PlotParams-16$title: length = 1
[1] "UMAP of IterativeLSI colored by\nGeneScoreMatrix : Tmem72"


PlotParams-16$x: length = 10642
[1] -1.9416106  1.8436613 -0.8846102  3.9229872  3.8731846 -2.6343535


PlotParams-16$y: length = 10642
[1] -1.4274131 -3.1153964 -1.5511473 -3.3045243 -0.5417968 -2.1464170


PlotParams-16$baseSize: length = 1
[1] 10


PlotParams-16$xlabel: length = 1
[1] "UMAP Dimension 1"


PlotParams-16$ylabel: length = 1
[1] "UMAP Dimension 2"


PlotParams-16$pal: length = 256
[1] "#000436" "#000439" "#00053D" "#000640" "#000744" "#000848"


PlotParams-16$colorTitle: length = 1
[1] "Log2(NormCounts + 1)"



2021-10-12 22:28:14 : PlotParams-17, Class = list

PlotParams-17$color: length = 10642
Ctrl2_DEDUP#ACGAGCCATGATCAGGTCGTCGTATG Ctrl2_DEDUP#GTTAATATTAGGAGACTATCTACGCG Ctrl2_DEDUP#GTTAATATCCGTGCGGCGCTACGCGA 
                             0.3300793                              0.3442476                              0.3969865 
Ctrl2_DEDUP#GTTAATATCTTTGATGTCGTCGTATG Ctrl2_DEDUP#GTTAATATTGTTGCTCTATCTACGCG Ctrl2_DEDUP#ACGAGCCATCGGTGTAGCTCTGTTAG 
                             0.4663921                              0.4270868                              0.1571558 


PlotParams-17$title: length = 1
[1] "UMAP of IterativeLSI colored by\nGeneScoreMatrix : Prlr"


PlotParams-17$x: length = 10642
[1] -1.9416106  1.8436613 -0.8846102  3.9229872  3.8731846 -2.6343535


PlotParams-17$y: length = 10642
[1] -1.4274131 -3.1153964 -1.5511473 -3.3045243 -0.5417968 -2.1464170


PlotParams-17$baseSize: length = 1
[1] 10


PlotParams-17$xlabel: length = 1
[1] "UMAP Dimension 1"


PlotParams-17$ylabel: length = 1
[1] "UMAP Dimension 2"


PlotParams-17$pal: length = 256
[1] "#000436" "#000439" "#00053D" "#000640" "#000744" "#000848"


PlotParams-17$colorTitle: length = 1
[1] "Log2(NormCounts + 1)"



2021-10-12 22:28:16 : PlotParams-18, Class = list

PlotParams-18$color: length = 10642
Ctrl2_DEDUP#ACGAGCCATGATCAGGTCGTCGTATG Ctrl2_DEDUP#GTTAATATTAGGAGACTATCTACGCG Ctrl2_DEDUP#GTTAATATCCGTGCGGCGCTACGCGA 
                             0.2808002                              0.4008023                              0.3237641 
Ctrl2_DEDUP#GTTAATATCTTTGATGTCGTCGTATG Ctrl2_DEDUP#GTTAATATTGTTGCTCTATCTACGCG Ctrl2_DEDUP#ACGAGCCATCGGTGTAGCTCTGTTAG 
                             0.3967500                              0.5659020                              0.2403916 


PlotParams-18$title: length = 1
[1] "UMAP of IterativeLSI colored by\nGeneScoreMatrix : Slc4a5"


PlotParams-18$x: length = 10642
[1] -1.9416106  1.8436613 -0.8846102  3.9229872  3.8731846 -2.6343535


PlotParams-18$y: length = 10642
[1] -1.4274131 -3.1153964 -1.5511473 -3.3045243 -0.5417968 -2.1464170


PlotParams-18$baseSize: length = 1
[1] 10


PlotParams-18$xlabel: length = 1
[1] "UMAP Dimension 1"


PlotParams-18$ylabel: length = 1
[1] "UMAP Dimension 2"


PlotParams-18$pal: length = 256
[1] "#000436" "#000439" "#00053D" "#000640" "#000744" "#000848"


PlotParams-18$colorTitle: length = 1
[1] "Log2(NormCounts + 1)"



2021-10-12 22:28:17 : PlotParams-19, Class = list

PlotParams-19$color: length = 10642
Ctrl2_DEDUP#ACGAGCCATGATCAGGTCGTCGTATG Ctrl2_DEDUP#GTTAATATTAGGAGACTATCTACGCG Ctrl2_DEDUP#GTTAATATCCGTGCGGCGCTACGCGA 
                            0.21195207                             0.25048073                             0.24870069 
Ctrl2_DEDUP#GTTAATATCTTTGATGTCGTCGTATG Ctrl2_DEDUP#GTTAATATTGTTGCTCTATCTACGCG Ctrl2_DEDUP#ACGAGCCATCGGTGTAGCTCTGTTAG 
                            0.25028070                             0.22072654                             0.09705903 


PlotParams-19$title: length = 1
[1] "UMAP of IterativeLSI colored by\nGeneScoreMatrix : Tmem212"


PlotParams-19$x: length = 10642
[1] -1.9416106  1.8436613 -0.8846102  3.9229872  3.8731846 -2.6343535


PlotParams-19$y: length = 10642
[1] -1.4274131 -3.1153964 -1.5511473 -3.3045243 -0.5417968 -2.1464170


PlotParams-19$baseSize: length = 1
[1] 10


PlotParams-19$xlabel: length = 1
[1] "UMAP Dimension 1"


PlotParams-19$ylabel: length = 1
[1] "UMAP Dimension 2"


PlotParams-19$pal: length = 256
[1] "#000436" "#000439" "#00053D" "#000640" "#000744" "#000848"


PlotParams-19$colorTitle: length = 1
[1] "Log2(NormCounts + 1)"



2021-10-12 22:28:19 : PlotParams-20, Class = list

PlotParams-20$color: length = 10642
Ctrl2_DEDUP#ACGAGCCATGATCAGGTCGTCGTATG Ctrl2_DEDUP#GTTAATATTAGGAGACTATCTACGCG Ctrl2_DEDUP#GTTAATATCCGTGCGGCGCTACGCGA 
                                     0                                      0                                      0 
Ctrl2_DEDUP#GTTAATATCTTTGATGTCGTCGTATG Ctrl2_DEDUP#GTTAATATTGTTGCTCTATCTACGCG Ctrl2_DEDUP#ACGAGCCATCGGTGTAGCTCTGTTAG 
                                     0                                      0                                      0 


PlotParams-20$title: length = 1
[1] "UMAP of IterativeLSI colored by\nGeneScoreMatrix : Mrc1"


PlotParams-20$x: length = 10642
[1] -1.9416106  1.8436613 -0.8846102  3.9229872  3.8731846 -2.6343535


PlotParams-20$y: length = 10642
[1] -1.4274131 -3.1153964 -1.5511473 -3.3045243 -0.5417968 -2.1464170


PlotParams-20$baseSize: length = 1
[1] 10


PlotParams-20$xlabel: length = 1
[1] "UMAP Dimension 1"


PlotParams-20$ylabel: length = 1
[1] "UMAP Dimension 2"


PlotParams-20$pal: length = 256
[1] "#000436" "#000439" "#00053D" "#000640" "#000744" "#000848"


PlotParams-20$colorTitle: length = 1
[1] "Log2(NormCounts + 1)"



2021-10-12 22:28:20 : PlotParams-21, Class = list

PlotParams-21$color: length = 10642
Ctrl2_DEDUP#ACGAGCCATGATCAGGTCGTCGTATG Ctrl2_DEDUP#GTTAATATTAGGAGACTATCTACGCG Ctrl2_DEDUP#GTTAATATCCGTGCGGCGCTACGCGA 
                             1.2118352                              0.8506847                              1.0128257 
Ctrl2_DEDUP#GTTAATATCTTTGATGTCGTCGTATG Ctrl2_DEDUP#GTTAATATTGTTGCTCTATCTACGCG Ctrl2_DEDUP#ACGAGCCATCGGTGTAGCTCTGTTAG 
                             0.5166929                              0.7721716                              1.1671253 


PlotParams-21$title: length = 1
[1] "UMAP of IterativeLSI colored by\nGeneScoreMatrix : Trank1"


PlotParams-21$x: length = 10642
[1] -1.9416106  1.8436613 -0.8846102  3.9229872  3.8731846 -2.6343535


PlotParams-21$y: length = 10642
[1] -1.4274131 -3.1153964 -1.5511473 -3.3045243 -0.5417968 -2.1464170


PlotParams-21$baseSize: length = 1
[1] 10


PlotParams-21$xlabel: length = 1
[1] "UMAP Dimension 1"


PlotParams-21$ylabel: length = 1
[1] "UMAP Dimension 2"


PlotParams-21$pal: length = 256
[1] "#000436" "#000439" "#00053D" "#000640" "#000744" "#000848"


PlotParams-21$colorTitle: length = 1
[1] "Log2(NormCounts + 1)"



2021-10-12 22:28:23 : PlotParams-22, Class = list

PlotParams-22$color: length = 10642
Ctrl2_DEDUP#ACGAGCCATGATCAGGTCGTCGTATG Ctrl2_DEDUP#GTTAATATTAGGAGACTATCTACGCG Ctrl2_DEDUP#GTTAATATCCGTGCGGCGCTACGCGA 
                              1.405065                               1.464859                               1.438335 
Ctrl2_DEDUP#GTTAATATCTTTGATGTCGTCGTATG Ctrl2_DEDUP#GTTAATATTGTTGCTCTATCTACGCG Ctrl2_DEDUP#ACGAGCCATCGGTGTAGCTCTGTTAG 
                              1.454005                               1.194965                               1.232791 


PlotParams-22$title: length = 1
[1] "UMAP of IterativeLSI colored by\nGeneScoreMatrix : Atp1a3"


PlotParams-22$x: length = 10642
[1] -1.9416106  1.8436613 -0.8846102  3.9229872  3.8731846 -2.6343535


PlotParams-22$y: length = 10642
[1] -1.4274131 -3.1153964 -1.5511473 -3.3045243 -0.5417968 -2.1464170


PlotParams-22$baseSize: length = 1
[1] 10


PlotParams-22$xlabel: length = 1
[1] "UMAP Dimension 1"


PlotParams-22$ylabel: length = 1
[1] "UMAP Dimension 2"


PlotParams-22$pal: length = 256
[1] "#000436" "#000439" "#00053D" "#000640" "#000744" "#000848"


PlotParams-22$colorTitle: length = 1
[1] "Log2(NormCounts + 1)"



------- Completed

End Time : 2021-10-12 22:28:24
Elapsed Time Minutes = 0.998526358604431
Elapsed Time Hours = 0.0166422375043233

-------



