
           ___      .______        ______  __    __  .______      
          /   \     |   _  \      /      ||  |  |  | |   _  \     
         /  ^  \    |  |_)  |    |  ,----'|  |__|  | |  |_)  |    
        /  /_\  \   |      /     |  |     |   __   | |      /     
       /  _____  \  |  |\  \\___ |  `----.|  |  |  | |  |\  \\___.
      /__/     \__\ | _| `._____| \______||__|  |__| | _| `._____|
    
Logging With ArchR!

Start Time : 2021-10-12 20:33:25

------- ArchR Info

ArchRThreads = 22
ArchRGenome = Mm10

------- System Info

Computer OS = unix
Total Cores = 24

------- Session Info

R version 4.0.5 (2021-03-31)
Platform: x86_64-pc-linux-gnu (64-bit)
Running under: CentOS Linux 7 (Core)

Matrix products: default
BLAS:   /programs/R-4.0.5/lib/libRblas.so
LAPACK: /programs/R-4.0.5/lib/libRlapack.so

locale:
 [1] LC_CTYPE=en_US.UTF-8       LC_NUMERIC=C               LC_TIME=en_US.UTF-8        LC_COLLATE=en_US.UTF-8    
 [5] LC_MONETARY=en_US.UTF-8    LC_MESSAGES=en_US.UTF-8    LC_PAPER=en_US.UTF-8       LC_NAME=C                 
 [9] LC_ADDRESS=C               LC_TELEPHONE=C             LC_MEASUREMENT=en_US.UTF-8 LC_IDENTIFICATION=C       

attached base packages:
 [1] grid      parallel  stats4    stats     graphics  grDevices utils     datasets  methods   base     

other attached packages:
 [1] gtable_0.3.0                       pheatmap_1.0.12                    uwot_0.1.10                       
 [4] viridis_0.6.1                      viridisLite_0.4.0                  org.Mm.eg.db_3.12.0               
 [7] AnnotationDbi_1.52.0               clusterProfiler_3.18.1             forcats_0.5.1                     
[10] stringr_1.4.0                      dplyr_1.0.7                        purrr_0.3.4                       
[13] readr_2.0.2                        tidyr_1.1.4                        tibble_3.1.5                      
[16] tidyverse_1.3.1                    ggridges_0.5.3                     gridExtra_2.3                     
[19] nabor_0.5.0                        SeuratObject_4.0.1                 Seurat_4.0.1                      
[22] BSgenome.Mmusculus.UCSC.mm10_1.4.0 BSgenome_1.58.0                    rtracklayer_1.50.0                
[25] Biostrings_2.58.0                  XVector_0.30.0                     knitr_1.36                        
[28] ArchR_1.0.1                        magrittr_2.0.1                     rhdf5_2.34.0                      
[31] Matrix_1.3-3                       data.table_1.14.2                  SummarizedExperiment_1.20.0       
[34] Biobase_2.50.0                     GenomicRanges_1.42.0               GenomeInfoDb_1.26.7               
[37] IRanges_2.24.1                     S4Vectors_0.28.1                   BiocGenerics_0.36.1               
[40] MatrixGenerics_1.2.1               matrixStats_0.61.0                 ggplot2_3.3.5                     

loaded via a namespace (and not attached):
  [1] utf8_1.2.2               reticulate_1.20          tidyselect_1.1.1         RSQLite_2.2.8           
  [5] htmlwidgets_1.5.4        BiocParallel_1.24.1      Rtsne_0.15               scatterpie_0.1.7        
  [9] munsell_0.5.0            codetools_0.2-18         ica_1.0-2                future_1.22.1           
 [13] miniUI_0.1.1.1           withr_2.4.2              GOSemSim_2.16.1          colorspace_2.0-2        
 [17] highr_0.9                rstudioapi_0.13          ROCR_1.0-11              tensor_1.5              
 [21] DOSE_3.16.0              listenv_0.8.0            labeling_0.4.2           rstan_2.21.2            
 [25] GenomeInfoDbData_1.2.4   polyclip_1.10-0          bit64_4.0.5              farver_2.1.0            
 [29] downloader_0.4           parallelly_1.28.1        vctrs_0.3.8              generics_0.1.0          
 [33] xfun_0.26                R6_2.5.1                 graphlayouts_0.7.1       fgsea_1.16.0            
 [37] cachem_1.0.6             bitops_1.0-7             rhdf5filters_1.2.1       spatstat.utils_2.2-0    
 [41] DelayedArray_0.16.3      assertthat_0.2.1         promises_1.2.0.1         scales_1.1.1            
 [45] ggraph_2.0.5             enrichplot_1.10.2        Cairo_1.5-12.2           globals_0.14.0          
 [49] processx_3.5.2           goftest_1.2-2            tidygraph_1.2.0          rlang_0.4.11            
 [53] splines_4.0.5            lazyeval_0.2.2           spatstat.geom_2.1-0      broom_0.7.9             
 [57] inline_0.3.19            BiocManager_1.30.16      reshape2_1.4.4           abind_1.4-5             
 [61] modelr_0.1.8             backports_1.2.1          httpuv_1.6.3             qvalue_2.22.0           
 [65] tools_4.0.5              ellipsis_0.3.2           spatstat.core_2.1-2      RColorBrewer_1.1-2      
 [69] Rcpp_1.0.7               plyr_1.8.6               zlibbioc_1.36.0          RCurl_1.98-1.5          
 [73] ps_1.6.0                 prettyunits_1.1.1        rpart_4.1-15             deldir_0.2-10           
 [77] pbapply_1.5-0            cowplot_1.1.1            zoo_1.8-9                haven_2.4.3             
 [81] ggrepel_0.9.1            cluster_2.1.2            fs_1.5.0                 RSpectra_0.16-0         
 [85] scattermore_0.7          DO.db_2.9                lmtest_0.9-38            reprex_2.0.1            
 [89] RANN_2.6.1               packrat_0.7.0            fitdistrplus_1.1-6       evaluate_0.14           
 [93] hms_1.1.1                patchwork_1.1.1          mime_0.12                xtable_1.8-4            
 [97] XML_3.99-0.8             readxl_1.3.1             compiler_4.0.5           shadowtext_0.0.9        
[101] KernSmooth_2.23-20       V8_3.4.2                 crayon_1.4.1             StanHeaders_2.21.0-7    
[105] htmltools_0.5.2          ggfun_0.0.4              mgcv_1.8-35              later_1.3.0             
[109] tzdb_0.1.2               RcppParallel_5.1.4       lubridate_1.7.10         DBI_1.1.1               
[113] tweenr_1.0.2             dbplyr_2.1.1             MASS_7.3-54              cli_3.0.1               
[117] igraph_1.2.6             pkgconfig_2.0.3          rvcheck_0.1.8            GenomicAlignments_1.26.0
[121] plotly_4.9.4.1           spatstat.sparse_2.0-0    xml2_1.3.2               rvest_1.0.1             
[125] callr_3.7.0              digest_0.6.28            sctransform_0.3.2        RcppAnnoy_0.0.19        
[129] spatstat.data_2.1-0      rmarkdown_2.11           fastmatch_1.1-3          cellranger_1.1.0        
[133] leiden_0.3.7             curl_4.3.2               shiny_1.7.1              Rsamtools_2.6.0         
[137] gtools_3.9.2             lifecycle_1.0.1          nlme_3.1-152             jsonlite_1.7.2          
[141] Rhdf5lib_1.12.1          fansi_0.5.0              pillar_1.6.3             lattice_0.20-44         
[145] loo_2.4.1                GO.db_3.12.1             fastmap_1.1.0            httr_1.4.2              
[149] pkgbuild_1.2.0           survival_3.2-11          glue_1.4.2               png_0.1-7               
[153] bit_4.0.4                ggforce_0.3.3            stringi_1.7.5            blob_1.2.2              
[157] memoise_2.0.0            irlba_2.3.3              future.apply_1.7.0      


------- Log Info


2021-10-12 20:33:27 : Input-Parameters, Class = list

Input-Parameters$ArchRProj: length = 1

Input-Parameters$embedding: length = 1
[1] "UMAP"


Input-Parameters$colorBy: length = 1
[1] "cellColData"


Input-Parameters$name: length = 1
[1] "DoubletEnrichment"


Input-Parameters$log2Norm: length = 0
NULL


Input-Parameters$imputeWeights: length = 0
NULL


Input-Parameters$pal: length = 0
NULL


Input-Parameters$size: length = 1
[1] 0.1


Input-Parameters$sampleCells: length = 0
NULL


Input-Parameters$highlightCells: length = 0
NULL


Input-Parameters$rastr: length = 1
[1] TRUE


Input-Parameters$quantCut: length = 2
[1] 0.01 0.99


Input-Parameters$discreteSet: length = 0
NULL


Input-Parameters$continuousSet: length = 0
NULL


Input-Parameters$randomize: length = 1
[1] TRUE


Input-Parameters$keepAxis: length = 1
[1] FALSE


Input-Parameters$baseSize: length = 1
[1] 10


Input-Parameters$plotAs: length = 0
NULL


Input-Parameters$threads: length = 1
[1] 22


Input-Parameters$logFile: length = 1
[1] "ArchRLogs/ArchR-plotEmbedding-3f4fc2f3059-Date-2021-10-12_Time-20-33-25.log"



2021-10-12 20:33:28 : 

2021-10-12 20:33:28 : Embedding data.frame, Class = data.frame
Embedding data.frame: nRows = 10642, nCols = 2



2021-10-12 20:33:31 : 

2021-10-12 20:33:31 : ColorParams 1, Class = list

ColorParams 1$color: length = 10642
[1] 12.9  3.4 11.8  4.7 12.8 22.8


ColorParams 1$discrete: length = 1
[1] FALSE


ColorParams 1$continuousSet: length = 1
[1] "solarExtra"


ColorParams 1$discreteSet: length = 1
[1] "stallion"


ColorParams 1$title: length = 1
[1] "UMAP of IterativeLSI  colored by\ncolData :  DoubletEnrichment"



2021-10-12 20:33:31 : PlotParams-1, Class = list

PlotParams-1$color: length = 10642
[1] 12.9  3.4 11.8  4.7 12.8 22.8


PlotParams-1$discreteSet: length = 1
[1] "stallion"


PlotParams-1$title: length = 1
[1] "UMAP of IterativeLSI  colored by\ncolData :  DoubletEnrichment"


PlotParams-1$x: length = 10642
[1] -1.9416106  1.8436613 -0.8846102  3.9229872  3.8731846 -2.6343535


PlotParams-1$y: length = 10642
[1] -1.4274131 -3.1153964 -1.5511473 -3.3045243 -0.5417968 -2.1464170


PlotParams-1$baseSize: length = 1
[1] 10


PlotParams-1$xlabel: length = 1
[1] "UMAP Dimension 1"


PlotParams-1$ylabel: length = 1
[1] "UMAP Dimension 2"


PlotParams-1$pal: length = 256
[1] "#3361A5" "#3262A7" "#3263A9" "#3164AC" "#3166AE" "#3067B1"



------- Completed

End Time : 2021-10-12 20:33:34
Elapsed Time Minutes = 0.166499888896942
Elapsed Time Hours = 0.00277510146299998

-------



