
           ___      .______        ______  __    __  .______      
          /   \     |   _  \      /      ||  |  |  | |   _  \     
         /  ^  \    |  |_)  |    |  ,----'|  |__|  | |  |_)  |    
        /  /_\  \   |      /     |  |     |   __   | |      /     
       /  _____  \  |  |\  \\___ |  `----.|  |  |  | |  |\  \\___.
      /__/     \__\ | _| `._____| \______||__|  |__| | _| `._____|
    
Logging With ArchR!

Start Time : 2021-10-12 22:20:59

------- ArchR Info

ArchRThreads = 12

------- System Info

Computer OS = unix
Total Cores = 24

------- Session Info

R version 4.0.5 (2021-03-31)
Platform: x86_64-pc-linux-gnu (64-bit)
Running under: CentOS Linux 7 (Core)

Matrix products: default
BLAS:   /programs/R-4.0.5/lib/libRblas.so
LAPACK: /programs/R-4.0.5/lib/libRlapack.so

locale:
 [1] LC_CTYPE=en_US.UTF-8       LC_NUMERIC=C               LC_TIME=en_US.UTF-8        LC_COLLATE=en_US.UTF-8    
 [5] LC_MONETARY=en_US.UTF-8    LC_MESSAGES=en_US.UTF-8    LC_PAPER=en_US.UTF-8       LC_NAME=C                 
 [9] LC_ADDRESS=C               LC_TELEPHONE=C             LC_MEASUREMENT=en_US.UTF-8 LC_IDENTIFICATION=C       

attached base packages:
 [1] grid      parallel  stats4    stats     graphics  grDevices utils     datasets  methods   base     

other attached packages:
 [1] gridExtra_2.3               viridis_0.6.1               viridisLite_0.4.0           org.Mm.eg.db_3.12.0        
 [5] AnnotationDbi_1.52.0        clusterProfiler_3.18.1      forcats_0.5.1               stringr_1.4.0              
 [9] dplyr_1.0.7                 purrr_0.3.4                 readr_2.0.2                 tidyr_1.1.4                
[13] tibble_3.1.5                tidyverse_1.3.1             knitr_1.36                  ArchR_1.0.1                
[17] magrittr_2.0.1              rhdf5_2.34.0                Matrix_1.3-3                data.table_1.14.2          
[21] SummarizedExperiment_1.20.0 Biobase_2.50.0              GenomicRanges_1.42.0        GenomeInfoDb_1.26.7        
[25] IRanges_2.24.1              S4Vectors_0.28.1            BiocGenerics_0.36.1         MatrixGenerics_1.2.1       
[29] matrixStats_0.61.0          ggplot2_3.3.5              

loaded via a namespace (and not attached):
  [1] fgsea_1.16.0           colorspace_2.0-2       rjson_0.2.20           ellipsis_0.3.2         circlize_0.4.13       
  [6] qvalue_2.22.0          XVector_0.30.0         GlobalOptions_0.1.2    fs_1.5.0               clue_0.3-59           
 [11] rstudioapi_0.13        hexbin_1.28.2          farver_2.1.0           graphlayouts_0.7.1     ggrepel_0.9.1         
 [16] bit64_4.0.5            scatterpie_0.1.7       fansi_0.5.0            lubridate_1.7.10       xml2_1.3.2            
 [21] splines_4.0.5          cachem_1.0.6           GOSemSim_2.16.1        polyclip_1.10-0        jsonlite_1.7.2        
 [26] Cairo_1.5-12.2         packrat_0.7.0          broom_0.7.9            cluster_2.1.2          GO.db_3.12.1          
 [31] dbplyr_2.1.1           png_0.1-7              ggforce_0.3.3          BiocManager_1.30.16    compiler_4.0.5        
 [36] httr_1.4.2             rvcheck_0.1.8          backports_1.2.1        assertthat_0.2.1       fastmap_1.1.0         
 [41] cli_3.0.1              tweenr_1.0.2           tools_4.0.5            igraph_1.2.6           gtable_0.3.0          
 [46] glue_1.4.2             GenomeInfoDbData_1.2.4 reshape2_1.4.4         DO.db_2.9              fastmatch_1.1-3       
 [51] Rcpp_1.0.7             enrichplot_1.10.2      cellranger_1.1.0       vctrs_0.3.8            rhdf5filters_1.2.1    
 [56] ggraph_2.0.5           xfun_0.26              rvest_1.0.1            lifecycle_1.0.1        DOSE_3.16.0           
 [61] MASS_7.3-54            zlibbioc_1.36.0        scales_1.1.1           tidygraph_1.2.0        hms_1.1.1             
 [66] RColorBrewer_1.1-2     ComplexHeatmap_2.6.2   memoise_2.0.0          ggfun_0.0.4            downloader_0.4        
 [71] stringi_1.7.5          RSQLite_2.2.8          BiocParallel_1.24.1    shape_1.4.6            rlang_0.4.11          
 [76] pkgconfig_2.0.3        bitops_1.0-7           lattice_0.20-44        Rhdf5lib_1.12.1        labeling_0.4.2        
 [81] shadowtext_0.0.9       cowplot_1.1.1          bit_4.0.4              tidyselect_1.1.1       plyr_1.8.6            
 [86] R6_2.5.1               generics_0.1.0         DelayedArray_0.16.3    DBI_1.1.1              pillar_1.6.3          
 [91] haven_2.4.3            withr_2.4.2            RCurl_1.98-1.5         modelr_0.1.8           crayon_1.4.1          
 [96] utf8_1.2.2             tzdb_0.1.2             GetoptLong_1.0.5       readxl_1.3.1           blob_1.2.2            
[101] reprex_2.0.1           digest_0.6.28          munsell_0.5.0         


------- Log Info


2021-10-12 22:21:01 : addImputeWeights Input-Parameters, Class = list

addImputeWeights Input-Parameters$ArchRProj: length = 1

addImputeWeights Input-Parameters$reducedDims: length = 1
[1] "IterativeLSI"


addImputeWeights Input-Parameters$dimsToUse: length = 0
NULL


addImputeWeights Input-Parameters$scaleDims: length = 0
NULL


addImputeWeights Input-Parameters$corCutOff: length = 1
[1] 0.75


addImputeWeights Input-Parameters$td: length = 1
[1] 3


addImputeWeights Input-Parameters$ka: length = 1
[1] 4


addImputeWeights Input-Parameters$sampleCells: length = 1
[1] 5000


addImputeWeights Input-Parameters$nRep: length = 1
[1] 2


addImputeWeights Input-Parameters$k: length = 1
[1] 15


addImputeWeights Input-Parameters$epsilon: length = 1
[1] 1


addImputeWeights Input-Parameters$useHdf5: length = 1
[1] TRUE


addImputeWeights Input-Parameters$randomSuffix: length = 1
[1] FALSE


addImputeWeights Input-Parameters$threads: length = 1
[1] 12


addImputeWeights Input-Parameters$seed: length = 1
[1] 1


addImputeWeights Input-Parameters$verbose: length = 1
[1] TRUE


addImputeWeights Input-Parameters$logFile: length = 1
[1] "ArchRLogs/ArchR-addImputeWeights-71464a2b8704-Date-2021-10-12_Time-22-20-59.log"


2021-10-12 22:21:01 : Computing Impute Weights Using Magic (Cell 2018), 0 mins elapsed.
2021-10-12 22:21:01 : Computing Partial Diffusion Matrix with Magic (1 of 2), 0.004 mins elapsed.
2021-10-12 22:21:01 : Computing Partial Diffusion Matrix with Magic (2 of 2), 0.004 mins elapsed.
2021-10-12 22:21:21 : Completed Getting Magic Weights!, 0.328 mins elapsed.
