
           ___      .______        ______  __    __  .______      
          /   \     |   _  \      /      ||  |  |  | |   _  \     
         /  ^  \    |  |_)  |    |  ,----'|  |__|  | |  |_)  |    
        /  /_\  \   |      /     |  |     |   __   | |      /     
       /  _____  \  |  |\  \\___ |  `----.|  |  |  | |  |\  \\___.
      /__/     \__\ | _| `._____| \______||__|  |__| | _| `._____|
    
Logging With ArchR!

Start Time : 2021-10-12 20:53:01

------- ArchR Info

ArchRThreads = 22
ArchRGenome = Mm10

------- System Info

Computer OS = unix
Total Cores = 24

------- Session Info

R version 4.0.5 (2021-03-31)
Platform: x86_64-pc-linux-gnu (64-bit)
Running under: CentOS Linux 7 (Core)

Matrix products: default
BLAS:   /programs/R-4.0.5/lib/libRblas.so
LAPACK: /programs/R-4.0.5/lib/libRlapack.so

locale:
 [1] LC_CTYPE=en_US.UTF-8       LC_NUMERIC=C               LC_TIME=en_US.UTF-8        LC_COLLATE=en_US.UTF-8    
 [5] LC_MONETARY=en_US.UTF-8    LC_MESSAGES=en_US.UTF-8    LC_PAPER=en_US.UTF-8       LC_NAME=C                 
 [9] LC_ADDRESS=C               LC_TELEPHONE=C             LC_MEASUREMENT=en_US.UTF-8 LC_IDENTIFICATION=C       

attached base packages:
 [1] grid      parallel  stats4    stats     graphics  grDevices utils     datasets  methods   base     

other attached packages:
 [1] circlize_0.4.13                    ComplexHeatmap_2.6.2               presto_1.0.0                      
 [4] Rcpp_1.0.7                         plyr_1.8.6                         gtable_0.3.0                      
 [7] pheatmap_1.0.12                    uwot_0.1.10                        viridis_0.6.1                     
[10] viridisLite_0.4.0                  org.Mm.eg.db_3.12.0                AnnotationDbi_1.52.0              
[13] clusterProfiler_3.18.1             forcats_0.5.1                      stringr_1.4.0                     
[16] dplyr_1.0.7                        purrr_0.3.4                        readr_2.0.2                       
[19] tidyr_1.1.4                        tibble_3.1.5                       tidyverse_1.3.1                   
[22] ggridges_0.5.3                     gridExtra_2.3                      nabor_0.5.0                       
[25] SeuratObject_4.0.1                 Seurat_4.0.1                       BSgenome.Mmusculus.UCSC.mm10_1.4.0
[28] BSgenome_1.58.0                    rtracklayer_1.50.0                 Biostrings_2.58.0                 
[31] XVector_0.30.0                     knitr_1.36                         ArchR_1.0.1                       
[34] magrittr_2.0.1                     rhdf5_2.34.0                       Matrix_1.3-3                      
[37] data.table_1.14.2                  SummarizedExperiment_1.20.0        Biobase_2.50.0                    
[40] GenomicRanges_1.42.0               GenomeInfoDb_1.26.7                IRanges_2.24.1                    
[43] S4Vectors_0.28.1                   BiocGenerics_0.36.1                MatrixGenerics_1.2.1              
[46] matrixStats_0.61.0                 ggplot2_3.3.5                     

loaded via a namespace (and not attached):
  [1] scattermore_0.7          ragg_1.1.2               bit64_4.0.5              irlba_2.3.3             
  [5] DelayedArray_0.16.3      rpart_4.1-15             inline_0.3.19            RCurl_1.98-1.5          
  [9] generics_0.1.0           callr_3.7.0              cowplot_1.1.1            RSQLite_2.2.8           
 [13] shadowtext_0.0.9         RANN_2.6.1               future_1.22.1            bit_4.0.4               
 [17] tzdb_0.1.2               enrichplot_1.10.2        spatstat.data_2.1-0      xml2_1.3.2              
 [21] lubridate_1.7.10         httpuv_1.6.3             StanHeaders_2.21.0-7     assertthat_0.2.1        
 [25] xfun_0.26                hms_1.1.1                evaluate_0.14            promises_1.2.0.1        
 [29] fansi_0.5.0              dbplyr_2.1.1             readxl_1.3.1             igraph_1.2.6            
 [33] DBI_1.1.1                htmlwidgets_1.5.4        spatstat.geom_2.1-0      ellipsis_0.3.2          
 [37] RSpectra_0.16-0          backports_1.2.1          V8_3.4.2                 RcppParallel_5.1.4      
 [41] deldir_0.2-10            vctrs_0.3.8              Cairo_1.5-12.2           ROCR_1.0-11             
 [45] abind_1.4-5              cachem_1.0.6             withr_2.4.2              ggforce_0.3.3           
 [49] packrat_0.7.0            vroom_1.5.5              sctransform_0.3.2        GenomicAlignments_1.26.0
 [53] prettyunits_1.1.1        goftest_1.2-2            cluster_2.1.2            DOSE_3.16.0             
 [57] lazyeval_0.2.2           crayon_1.4.1             pkgconfig_2.0.3          labeling_0.4.2          
 [61] tweenr_1.0.2             nlme_3.1-152             rlang_0.4.11             globals_0.14.0          
 [65] lifecycle_1.0.1          miniUI_0.1.1.1           downloader_0.4           modelr_0.1.8            
 [69] cellranger_1.1.0         polyclip_1.10-0          lmtest_0.9-38            loo_2.4.1               
 [73] Rhdf5lib_1.12.1          zoo_1.8-9                reprex_2.0.1             GlobalOptions_0.1.2     
 [77] processx_3.5.2           rjson_0.2.20             png_0.1-7                bitops_1.0-7            
 [81] KernSmooth_2.23-20       rhdf5filters_1.2.1       blob_1.2.2               shape_1.4.6             
 [85] qvalue_2.22.0            parallelly_1.28.1        scales_1.1.1             memoise_2.0.0           
 [89] hexbin_1.28.2            ica_1.0-2                zlibbioc_1.36.0          compiler_4.0.5          
 [93] scatterpie_0.1.7         RColorBrewer_1.1-2       clue_0.3-59              fitdistrplus_1.1-6      
 [97] Rsamtools_2.6.0          cli_3.0.1                listenv_0.8.0            patchwork_1.1.1         
[101] pbapply_1.5-0            ps_1.6.0                 MASS_7.3-54              mgcv_1.8-35             
[105] tidyselect_1.1.1         stringi_1.7.5            textshaping_0.3.4        highr_0.9               
[109] GOSemSim_2.16.1          ggrepel_0.9.1            fastmatch_1.1-3          tools_4.0.5             
[113] future.apply_1.7.0       rstudioapi_0.13          farver_2.1.0             Rtsne_0.15              
[117] ggraph_2.0.5             digest_0.6.28            rvcheck_0.1.8            BiocManager_1.30.16     
[121] shiny_1.7.1              broom_0.7.9              later_1.3.0              RcppAnnoy_0.0.19        
[125] httr_1.4.2               colorspace_2.0-2         rvest_1.0.1              XML_3.99-0.8            
[129] fs_1.5.0                 tensor_1.5               reticulate_1.20          splines_4.0.5           
[133] spatstat.utils_2.2-0     graphlayouts_0.7.1       plotly_4.9.4.1           systemfonts_1.0.2       
[137] xtable_1.8-4             jsonlite_1.7.2           tidygraph_1.2.0          rstan_2.21.2            
[141] ggfun_0.0.4              R6_2.5.1                 pillar_1.6.3             htmltools_0.5.2         
[145] mime_0.12                glue_1.4.2               fastmap_1.1.0            BiocParallel_1.24.1     
[149] codetools_0.2-18         fgsea_1.16.0             pkgbuild_1.2.0           utf8_1.2.2              
[153] lattice_0.20-44          spatstat.sparse_2.0-0    curl_4.3.2               leiden_0.3.7            
[157] gtools_3.9.2             magick_2.7.1             GO.db_3.12.1             survival_3.2-11         
[161] rmarkdown_2.11           munsell_0.5.0            GetoptLong_1.0.5         DO.db_2.9               
[165] GenomeInfoDbData_1.2.4   haven_2.4.3              reshape2_1.4.4           spatstat.core_2.1-2     


------- Log Info


2021-10-12 20:53:02 : Input-Parameters, Class = list

Input-Parameters$ArchRProj: length = 1

Input-Parameters$embedding: length = 1
[1] "UMAP"


Input-Parameters$colorBy: length = 1
[1] "GeneScoreMatrix"


Input-Parameters$name: length = 11
[1] "Aqp4"   "Mog"    "Flt1"   "Cx3cr1" "Tgfbr1" "Pdgfra"


Input-Parameters$log2Norm: length = 0
NULL


Input-Parameters$imputeWeights: length = 0
NULL


Input-Parameters$pal: length = 0
NULL


Input-Parameters$size: length = 1
[1] 0.1


Input-Parameters$sampleCells: length = 0
NULL


Input-Parameters$highlightCells: length = 0
NULL


Input-Parameters$rastr: length = 1
[1] TRUE


Input-Parameters$quantCut: length = 2
[1] 0.01 0.95


Input-Parameters$discreteSet: length = 0
NULL


Input-Parameters$continuousSet: length = 0
NULL


Input-Parameters$randomize: length = 1
[1] TRUE


Input-Parameters$keepAxis: length = 1
[1] FALSE


Input-Parameters$baseSize: length = 1
[1] 10


Input-Parameters$plotAs: length = 0
NULL


Input-Parameters$threads: length = 1
[1] 22


Input-Parameters$logFile: length = 1
[1] "ArchRLogs/ArchR-plotEmbedding-3f4fab03552-Date-2021-10-12_Time-20-53-01.log"



2021-10-12 20:53:17 : 

2021-10-12 20:53:20 : Embedding data.frame, Class = data.frame
Embedding data.frame: nRows = 10642, nCols = 2



2021-10-12 20:53:21 : 

2021-10-12 20:53:21 : 

2021-10-12 20:53:21 : FeatureDF, Class = DFrame
DataFrame with 24367 rows and 6 columns
      seqnames    start      end  strand    name     idx
         <Rle>  <array>  <array> <array> <array> <array>
1         chr1  3671498  3214482       2    Xkr4       1
2         chr1  4409241  4290846       2     Rp1       2
3         chr1  4497354  4490928       2   Sox17       3
4         chr1  4785726  4773198       2  Mrpl15       4
5         chr1  4807893  4846735       1  Lypla1       5
...        ...      ...      ...     ...     ...     ...
24363     chrY 66742170 66739797       2 Gm20852      30
24364     chrY 78836719 78835721       2 Gm20806      31
24365     chrY 79149787 79148793       2 Gm20917      32
24366     chrY 85529519 85528523       2 Gm20854      33
24367     chrY 90784610 90816465       1   Erdr1      34


2021-10-12 20:53:21 : idx, Class = integer

idx: length = 11
[1]  9924  9385 17248 23216 14734 16378



2021-10-12 20:53:21 : FeatureDF-Subset, Class = DFrame
DataFrame with 11 rows and 6 columns
   seqnames     start       end  strand    name     idx
      <Rle>   <array>   <array> <array> <array> <array>
1     chr18  15410982  15389394       2    Aqp4      68
2     chr17  37023398  37010740       2     Mog     713
3      chr5 147725988 147562196       2    Flt1    1346
4      chr9 120068296 120048683       2  Cx3cr1    1278
5      chr4  47353222  47414924       1  Tgfbr1     295
6      chr5  75152291  75198204       1  Pdgfra     476
7      chr2  71529445  71533981       1    Dlx1     644
8      chr6 116716758 116692725       2  Tmem72     889
9      chr3  27896368  27866065       2 Tmem212      84
10     chr2  14229414  14332023       1    Mrc1     110
11     chr9 111311739 111395775       1  Trank1    1212


2021-10-12 20:53:24 : Feature-Matrix, Class = dgCMatrix
Feature-Matrix: nRows = 11, nCols = 10642
Feature-Matrix: NonZeroEntries = 11628, EntryRange = [ 0.086 , 70.083 ]
5 x 5 sparse Matrix of class "dgCMatrix"
     Ctrl2_DEDUP#ACGAGCCATGATCAGGTCGTCGTATG Ctrl2_DEDUP#GTTAATATTAGGAGACTATCTACGCG Ctrl2_DEDUP#GTTAATATCCGTGCGGCGCTACGCGA
[1,]                                  .                                      .                                      .    
[2,]                                  .                                      .                                      .    
[3,]                                  1.356                                  0.477                                  0.297
[4,]                                  .                                      .                                      .    
[5,]                                  .                                      0.942                                  .    
     Ctrl2_DEDUP#GTTAATATCTTTGATGTCGTCGTATG Ctrl2_DEDUP#GTTAATATTGTTGCTCTATCTACGCG
[1,]                                  .                                      .    
[2,]                                  .                                      1.574
[3,]                                  .                                      .    
[4,]                                  .                                      .    
[5,]                                  0.461                                  .    



2021-10-12 20:53:25 : colorMat-Before-Impute, Class = matrix
 
2021-10-12 20:53:25 : colorMat-Before-Impute, Class = array
       Ctrl2_DEDUP#ACGAGCCATGATCAGGTCGTCGTATG Ctrl2_DEDUP#GTTAATATTAGGAGACTATCTACGCG Ctrl2_DEDUP#GTTAATATCCGTGCGGCGCTACGCGA
Aqp4                                    0.000                                  0.000                                  0.000
Mog                                     0.000                                  0.000                                  0.000
Flt1                                    1.356                                  0.477                                  0.297
Cx3cr1                                  0.000                                  0.000                                  0.000
Tgfbr1                                  0.000                                  0.942                                  0.000
       Ctrl2_DEDUP#GTTAATATCTTTGATGTCGTCGTATG Ctrl2_DEDUP#GTTAATATTGTTGCTCTATCTACGCG
Aqp4                                    0.000                                  0.000
Mog                                     0.000                                  1.574
Flt1                                    0.000                                  0.000
Cx3cr1                                  0.000                                  0.000
Tgfbr1                                  0.461                                  0.000

colorMat-Before-Impute: nRows = 11, nCols = 10642


2021-10-12 20:53:25 : colorMat-After-Impute, Class = matrix
 
2021-10-12 20:53:25 : colorMat-After-Impute, Class = array
       Ctrl2_DEDUP#ACGAGCCATGATCAGGTCGTCGTATG Ctrl2_DEDUP#GTTAATATTAGGAGACTATCTACGCG Ctrl2_DEDUP#GTTAATATCCGTGCGGCGCTACGCGA
Aqp4                                    0.000                                  0.000                                  0.000
Mog                                     0.000                                  0.000                                  0.000
Flt1                                    1.356                                  0.477                                  0.297
Cx3cr1                                  0.000                                  0.000                                  0.000
Tgfbr1                                  0.000                                  0.942                                  0.000
       Ctrl2_DEDUP#GTTAATATCTTTGATGTCGTCGTATG Ctrl2_DEDUP#GTTAATATTGTTGCTCTATCTACGCG
Aqp4                                    0.000                                  0.000
Mog                                     0.000                                  1.574
Flt1                                    0.000                                  0.000
Cx3cr1                                  0.000                                  0.000
Tgfbr1                                  0.461                                  0.000

colorMat-After-Impute: nRows = 11, nCols = 10642


2021-10-12 20:53:25 : ColorParams 1, Class = list

ColorParams 1$color: length = 10642
Ctrl2_DEDUP#ACGAGCCATGATCAGGTCGTCGTATG Ctrl2_DEDUP#GTTAATATTAGGAGACTATCTACGCG Ctrl2_DEDUP#GTTAATATCCGTGCGGCGCTACGCGA 
                                     0                                      0                                      0 
Ctrl2_DEDUP#GTTAATATCTTTGATGTCGTCGTATG Ctrl2_DEDUP#GTTAATATTGTTGCTCTATCTACGCG Ctrl2_DEDUP#ACGAGCCATCGGTGTAGCTCTGTTAG 
                                     0                                      0                                      0 


ColorParams 1$discrete: length = 1
[1] FALSE


ColorParams 1$title: length = 1
[1] "UMAP of IterativeLSI colored by\nGeneScoreMatrix : Aqp4"


ColorParams 1$continuousSet: length = 1
[1] "horizonExtra"



2021-10-12 20:53:25 : PlotParams-1, Class = list

PlotParams-1$color: length = 10642
Ctrl2_DEDUP#ACGAGCCATGATCAGGTCGTCGTATG Ctrl2_DEDUP#GTTAATATTAGGAGACTATCTACGCG Ctrl2_DEDUP#GTTAATATCCGTGCGGCGCTACGCGA 
                                     0                                      0                                      0 
Ctrl2_DEDUP#GTTAATATCTTTGATGTCGTCGTATG Ctrl2_DEDUP#GTTAATATTGTTGCTCTATCTACGCG Ctrl2_DEDUP#ACGAGCCATCGGTGTAGCTCTGTTAG 
                                     0                                      0                                      0 


PlotParams-1$title: length = 1
[1] "UMAP of IterativeLSI colored by\nGeneScoreMatrix : Aqp4"


PlotParams-1$x: length = 10642
[1] -1.9416106  1.8436613 -0.8846102  3.9229872  3.8731846 -2.6343535


PlotParams-1$y: length = 10642
[1] -1.4274131 -3.1153964 -1.5511473 -3.3045243 -0.5417968 -2.1464170


PlotParams-1$baseSize: length = 1
[1] 10


PlotParams-1$xlabel: length = 1
[1] "UMAP Dimension 1"


PlotParams-1$ylabel: length = 1
[1] "UMAP Dimension 2"


PlotParams-1$pal: length = 256
[1] "#000436" "#000439" "#00053D" "#000640" "#000744" "#000848"


PlotParams-1$colorTitle: length = 1
[1] "Log2(NormCounts + 1)"



2021-10-12 20:53:25 : PlotParams-2, Class = list

PlotParams-2$color: length = 10642
Ctrl2_DEDUP#ACGAGCCATGATCAGGTCGTCGTATG Ctrl2_DEDUP#GTTAATATTAGGAGACTATCTACGCG Ctrl2_DEDUP#GTTAATATCCGTGCGGCGCTACGCGA 
                             0.0000000                              0.0000000                              0.0000000 
Ctrl2_DEDUP#GTTAATATCTTTGATGTCGTCGTATG Ctrl2_DEDUP#GTTAATATTGTTGCTCTATCTACGCG Ctrl2_DEDUP#ACGAGCCATCGGTGTAGCTCTGTTAG 
                             0.0000000                              1.3640121                              0.8883049 


PlotParams-2$title: length = 1
[1] "UMAP of IterativeLSI colored by\nGeneScoreMatrix : Mog"


PlotParams-2$x: length = 10642
[1] -1.9416106  1.8436613 -0.8846102  3.9229872  3.8731846 -2.6343535


PlotParams-2$y: length = 10642
[1] -1.4274131 -3.1153964 -1.5511473 -3.3045243 -0.5417968 -2.1464170


PlotParams-2$baseSize: length = 1
[1] 10


PlotParams-2$xlabel: length = 1
[1] "UMAP Dimension 1"


PlotParams-2$ylabel: length = 1
[1] "UMAP Dimension 2"


PlotParams-2$pal: length = 256
[1] "#000436" "#000439" "#00053D" "#000640" "#000744" "#000848"


PlotParams-2$colorTitle: length = 1
[1] "Log2(NormCounts + 1)"



2021-10-12 20:53:26 : PlotParams-3, Class = list

PlotParams-3$color: length = 10642
Ctrl2_DEDUP#ACGAGCCATGATCAGGTCGTCGTATG Ctrl2_DEDUP#GTTAATATTAGGAGACTATCTACGCG Ctrl2_DEDUP#GTTAATATCCGTGCGGCGCTACGCGA 
                             1.1542916                              0.5626698                              0.3751785 
Ctrl2_DEDUP#GTTAATATCTTTGATGTCGTCGTATG Ctrl2_DEDUP#GTTAATATTGTTGCTCTATCTACGCG Ctrl2_DEDUP#ACGAGCCATCGGTGTAGCTCTGTTAG 
                             0.0000000                              0.0000000                              0.5270703 


PlotParams-3$title: length = 1
[1] "UMAP of IterativeLSI colored by\nGeneScoreMatrix : Flt1"


PlotParams-3$x: length = 10642
[1] -1.9416106  1.8436613 -0.8846102  3.9229872  3.8731846 -2.6343535


PlotParams-3$y: length = 10642
[1] -1.4274131 -3.1153964 -1.5511473 -3.3045243 -0.5417968 -2.1464170


PlotParams-3$baseSize: length = 1
[1] 10


PlotParams-3$xlabel: length = 1
[1] "UMAP Dimension 1"


PlotParams-3$ylabel: length = 1
[1] "UMAP Dimension 2"


PlotParams-3$pal: length = 256
[1] "#000436" "#000439" "#00053D" "#000640" "#000744" "#000848"


PlotParams-3$colorTitle: length = 1
[1] "Log2(NormCounts + 1)"



2021-10-12 20:53:27 : PlotParams-4, Class = list

PlotParams-4$color: length = 10642
Ctrl2_DEDUP#ACGAGCCATGATCAGGTCGTCGTATG Ctrl2_DEDUP#GTTAATATTAGGAGACTATCTACGCG Ctrl2_DEDUP#GTTAATATCCGTGCGGCGCTACGCGA 
                             0.0000000                              0.0000000                              0.0000000 
Ctrl2_DEDUP#GTTAATATCTTTGATGTCGTCGTATG Ctrl2_DEDUP#GTTAATATTGTTGCTCTATCTACGCG Ctrl2_DEDUP#ACGAGCCATCGGTGTAGCTCTGTTAG 
                             0.0000000                              0.0000000                              0.7936878 


PlotParams-4$title: length = 1
[1] "UMAP of IterativeLSI colored by\nGeneScoreMatrix : Cx3cr1"


PlotParams-4$x: length = 10642
[1] -1.9416106  1.8436613 -0.8846102  3.9229872  3.8731846 -2.6343535


PlotParams-4$y: length = 10642
[1] -1.4274131 -3.1153964 -1.5511473 -3.3045243 -0.5417968 -2.1464170


PlotParams-4$baseSize: length = 1
[1] 10


PlotParams-4$xlabel: length = 1
[1] "UMAP Dimension 1"


PlotParams-4$ylabel: length = 1
[1] "UMAP Dimension 2"


PlotParams-4$pal: length = 256
[1] "#000436" "#000439" "#00053D" "#000640" "#000744" "#000848"


PlotParams-4$colorTitle: length = 1
[1] "Log2(NormCounts + 1)"



2021-10-12 20:53:28 : PlotParams-5, Class = list

PlotParams-5$color: length = 10642
Ctrl2_DEDUP#ACGAGCCATGATCAGGTCGTCGTATG Ctrl2_DEDUP#GTTAATATTAGGAGACTATCTACGCG Ctrl2_DEDUP#GTTAATATCCGTGCGGCGCTACGCGA 
                             0.0000000                              0.9575432                              0.0000000 
Ctrl2_DEDUP#GTTAATATCTTTGATGTCGTCGTATG Ctrl2_DEDUP#GTTAATATTGTTGCTCTATCTACGCG Ctrl2_DEDUP#ACGAGCCATCGGTGTAGCTCTGTTAG 
                             0.5469562                              0.0000000                              0.8686868 


PlotParams-5$title: length = 1
[1] "UMAP of IterativeLSI colored by\nGeneScoreMatrix : Tgfbr1"


PlotParams-5$x: length = 10642
[1] -1.9416106  1.8436613 -0.8846102  3.9229872  3.8731846 -2.6343535


PlotParams-5$y: length = 10642
[1] -1.4274131 -3.1153964 -1.5511473 -3.3045243 -0.5417968 -2.1464170


PlotParams-5$baseSize: length = 1
[1] 10


PlotParams-5$xlabel: length = 1
[1] "UMAP Dimension 1"


PlotParams-5$ylabel: length = 1
[1] "UMAP Dimension 2"


PlotParams-5$pal: length = 256
[1] "#000436" "#000439" "#00053D" "#000640" "#000744" "#000848"


PlotParams-5$colorTitle: length = 1
[1] "Log2(NormCounts + 1)"



2021-10-12 20:53:29 : PlotParams-6, Class = list

PlotParams-6$color: length = 10642
Ctrl2_DEDUP#ACGAGCCATGATCAGGTCGTCGTATG Ctrl2_DEDUP#GTTAATATTAGGAGACTATCTACGCG Ctrl2_DEDUP#GTTAATATCCGTGCGGCGCTACGCGA 
                             0.0000000                              0.7424374                              0.0000000 
Ctrl2_DEDUP#GTTAATATCTTTGATGTCGTCGTATG Ctrl2_DEDUP#GTTAATATTGTTGCTCTATCTACGCG Ctrl2_DEDUP#ACGAGCCATCGGTGTAGCTCTGTTAG 
                             0.0000000                              0.0000000                              0.0000000 


PlotParams-6$title: length = 1
[1] "UMAP of IterativeLSI colored by\nGeneScoreMatrix : Pdgfra"


PlotParams-6$x: length = 10642
[1] -1.9416106  1.8436613 -0.8846102  3.9229872  3.8731846 -2.6343535


PlotParams-6$y: length = 10642
[1] -1.4274131 -3.1153964 -1.5511473 -3.3045243 -0.5417968 -2.1464170


PlotParams-6$baseSize: length = 1
[1] 10


PlotParams-6$xlabel: length = 1
[1] "UMAP Dimension 1"


PlotParams-6$ylabel: length = 1
[1] "UMAP Dimension 2"


PlotParams-6$pal: length = 256
[1] "#000436" "#000439" "#00053D" "#000640" "#000744" "#000848"


PlotParams-6$colorTitle: length = 1
[1] "Log2(NormCounts + 1)"



2021-10-12 20:53:30 : PlotParams-7, Class = list

PlotParams-7$color: length = 10642
Ctrl2_DEDUP#ACGAGCCATGATCAGGTCGTCGTATG Ctrl2_DEDUP#GTTAATATTAGGAGACTATCTACGCG Ctrl2_DEDUP#GTTAATATCCGTGCGGCGCTACGCGA 
                             0.0000000                              0.8073549                              1.7961824 
Ctrl2_DEDUP#GTTAATATCTTTGATGTCGTCGTATG Ctrl2_DEDUP#GTTAATATTGTTGCTCTATCTACGCG Ctrl2_DEDUP#ACGAGCCATCGGTGTAGCTCTGTTAG 
                             0.0000000                              0.0000000                              0.0000000 


PlotParams-7$title: length = 1
[1] "UMAP of IterativeLSI colored by\nGeneScoreMatrix : Dlx1"


PlotParams-7$x: length = 10642
[1] -1.9416106  1.8436613 -0.8846102  3.9229872  3.8731846 -2.6343535


PlotParams-7$y: length = 10642
[1] -1.4274131 -3.1153964 -1.5511473 -3.3045243 -0.5417968 -2.1464170


PlotParams-7$baseSize: length = 1
[1] 10


PlotParams-7$xlabel: length = 1
[1] "UMAP Dimension 1"


PlotParams-7$ylabel: length = 1
[1] "UMAP Dimension 2"


PlotParams-7$pal: length = 256
[1] "#000436" "#000439" "#00053D" "#000640" "#000744" "#000848"


PlotParams-7$colorTitle: length = 1
[1] "Log2(NormCounts + 1)"



2021-10-12 20:53:41 : PlotParams-8, Class = list

PlotParams-8$color: length = 10642
Ctrl2_DEDUP#ACGAGCCATGATCAGGTCGTCGTATG Ctrl2_DEDUP#GTTAATATTAGGAGACTATCTACGCG Ctrl2_DEDUP#GTTAATATCCGTGCGGCGCTACGCGA 
                             0.1531568                              0.0000000                              0.0000000 
Ctrl2_DEDUP#GTTAATATCTTTGATGTCGTCGTATG Ctrl2_DEDUP#GTTAATATTGTTGCTCTATCTACGCG Ctrl2_DEDUP#ACGAGCCATCGGTGTAGCTCTGTTAG 
                             0.0000000                              0.1865006                              0.0000000 


PlotParams-8$title: length = 1
[1] "UMAP of IterativeLSI colored by\nGeneScoreMatrix : Tmem72"


PlotParams-8$x: length = 10642
[1] -1.9416106  1.8436613 -0.8846102  3.9229872  3.8731846 -2.6343535


PlotParams-8$y: length = 10642
[1] -1.4274131 -3.1153964 -1.5511473 -3.3045243 -0.5417968 -2.1464170


PlotParams-8$baseSize: length = 1
[1] 10


PlotParams-8$xlabel: length = 1
[1] "UMAP Dimension 1"


PlotParams-8$ylabel: length = 1
[1] "UMAP Dimension 2"


PlotParams-8$pal: length = 256
[1] "#000436" "#000439" "#00053D" "#000640" "#000744" "#000848"


PlotParams-8$colorTitle: length = 1
[1] "Log2(NormCounts + 1)"



2021-10-12 20:53:42 : PlotParams-9, Class = list

PlotParams-9$color: length = 10642
Ctrl2_DEDUP#ACGAGCCATGATCAGGTCGTCGTATG Ctrl2_DEDUP#GTTAATATTAGGAGACTATCTACGCG Ctrl2_DEDUP#GTTAATATCCGTGCGGCGCTACGCGA 
                             0.0000000                              0.0000000                              0.5018213 
Ctrl2_DEDUP#GTTAATATCTTTGATGTCGTCGTATG Ctrl2_DEDUP#GTTAATATTGTTGCTCTATCTACGCG Ctrl2_DEDUP#ACGAGCCATCGGTGTAGCTCTGTTAG 
                             0.5210005                              0.0000000                              0.0000000 


PlotParams-9$title: length = 1
[1] "UMAP of IterativeLSI colored by\nGeneScoreMatrix : Tmem212"


PlotParams-9$x: length = 10642
[1] -1.9416106  1.8436613 -0.8846102  3.9229872  3.8731846 -2.6343535


PlotParams-9$y: length = 10642
[1] -1.4274131 -3.1153964 -1.5511473 -3.3045243 -0.5417968 -2.1464170


PlotParams-9$baseSize: length = 1
[1] 10


PlotParams-9$xlabel: length = 1
[1] "UMAP Dimension 1"


PlotParams-9$ylabel: length = 1
[1] "UMAP Dimension 2"


PlotParams-9$pal: length = 256
[1] "#000436" "#000439" "#00053D" "#000640" "#000744" "#000848"


PlotParams-9$colorTitle: length = 1
[1] "Log2(NormCounts + 1)"



2021-10-12 20:53:43 : PlotParams-10, Class = list

PlotParams-10$color: length = 10642
Ctrl2_DEDUP#ACGAGCCATGATCAGGTCGTCGTATG Ctrl2_DEDUP#GTTAATATTAGGAGACTATCTACGCG Ctrl2_DEDUP#GTTAATATCCGTGCGGCGCTACGCGA 
                              0.000000                               0.000000                               0.000000 
Ctrl2_DEDUP#GTTAATATCTTTGATGTCGTCGTATG Ctrl2_DEDUP#GTTAATATTGTTGCTCTATCTACGCG Ctrl2_DEDUP#ACGAGCCATCGGTGTAGCTCTGTTAG 
                              0.000000                               0.000000                               1.044044 


PlotParams-10$title: length = 1
[1] "UMAP of IterativeLSI colored by\nGeneScoreMatrix : Mrc1"


PlotParams-10$x: length = 10642
[1] -1.9416106  1.8436613 -0.8846102  3.9229872  3.8731846 -2.6343535


PlotParams-10$y: length = 10642
[1] -1.4274131 -3.1153964 -1.5511473 -3.3045243 -0.5417968 -2.1464170


PlotParams-10$baseSize: length = 1
[1] 10


PlotParams-10$xlabel: length = 1
[1] "UMAP Dimension 1"


PlotParams-10$ylabel: length = 1
[1] "UMAP Dimension 2"


PlotParams-10$pal: length = 256
[1] "#000436" "#000439" "#00053D" "#000640" "#000744" "#000848"


PlotParams-10$colorTitle: length = 1
[1] "Log2(NormCounts + 1)"



2021-10-12 20:53:44 : PlotParams-11, Class = list

PlotParams-11$color: length = 10642
Ctrl2_DEDUP#ACGAGCCATGATCAGGTCGTCGTATG Ctrl2_DEDUP#GTTAATATTAGGAGACTATCTACGCG Ctrl2_DEDUP#GTTAATATCCGTGCGGCGCTACGCGA 
                             0.9664305                              0.5567972                              0.5993178 
Ctrl2_DEDUP#GTTAATATCTTTGATGTCGTCGTATG Ctrl2_DEDUP#GTTAATATTGTTGCTCTATCTACGCG Ctrl2_DEDUP#ACGAGCCATCGGTGTAGCTCTGTTAG 
                             0.6461627                              0.0000000                              1.9719573 


PlotParams-11$title: length = 1
[1] "UMAP of IterativeLSI colored by\nGeneScoreMatrix : Trank1"


PlotParams-11$x: length = 10642
[1] -1.9416106  1.8436613 -0.8846102  3.9229872  3.8731846 -2.6343535


PlotParams-11$y: length = 10642
[1] -1.4274131 -3.1153964 -1.5511473 -3.3045243 -0.5417968 -2.1464170


PlotParams-11$baseSize: length = 1
[1] 10


PlotParams-11$xlabel: length = 1
[1] "UMAP Dimension 1"


PlotParams-11$ylabel: length = 1
[1] "UMAP Dimension 2"


PlotParams-11$pal: length = 256
[1] "#000436" "#000439" "#00053D" "#000640" "#000744" "#000848"


PlotParams-11$colorTitle: length = 1
[1] "Log2(NormCounts + 1)"



------- Completed

End Time : 2021-10-12 20:53:45
Elapsed Time Minutes = 0.738793047269185
Elapsed Time Hours = 0.0123133281866709

-------



