
           ___      .______        ______  __    __  .______      
          /   \     |   _  \      /      ||  |  |  | |   _  \     
         /  ^  \    |  |_)  |    |  ,----'|  |__|  | |  |_)  |    
        /  /_\  \   |      /     |  |     |   __   | |      /     
       /  _____  \  |  |\  \\___ |  `----.|  |  |  | |  |\  \\___.
      /__/     \__\ | _| `._____| \______||__|  |__| | _| `._____|
    
Logging With ArchR!

Start Time : 2021-10-15 16:44:20

------- ArchR Info

ArchRThreads = 12
ArchRGenome = Mm10

------- System Info

Computer OS = unix
Total Cores = 24

------- Session Info

R version 4.0.5 (2021-03-31)
Platform: x86_64-pc-linux-gnu (64-bit)
Running under: CentOS Linux 7 (Core)

Matrix products: default
BLAS:   /programs/R-4.0.5/lib/libRblas.so
LAPACK: /programs/R-4.0.5/lib/libRlapack.so

Random number generation:
 RNG:     Mersenne-Twister 
 Normal:  Inversion 
 Sample:  Rounding 
 
locale:
 [1] LC_CTYPE=en_US.UTF-8       LC_NUMERIC=C               LC_TIME=en_US.UTF-8        LC_COLLATE=en_US.UTF-8    
 [5] LC_MONETARY=en_US.UTF-8    LC_MESSAGES=en_US.UTF-8    LC_PAPER=en_US.UTF-8       LC_NAME=C                 
 [9] LC_ADDRESS=C               LC_TELEPHONE=C             LC_MEASUREMENT=en_US.UTF-8 LC_IDENTIFICATION=C       

attached base packages:
 [1] grid      parallel  stats4    stats     graphics  grDevices utils     datasets  methods   base     

other attached packages:
 [1] gtable_0.3.0                gridExtra_2.3               ggpubr_0.4.0                viridis_0.6.1              
 [5] viridisLite_0.4.0           org.Mm.eg.db_3.12.0         AnnotationDbi_1.52.0        clusterProfiler_3.18.1     
 [9] forcats_0.5.1               stringr_1.4.0               dplyr_1.0.7                 purrr_0.3.4                
[13] readr_2.0.2                 tidyr_1.1.4                 tibble_3.1.5                tidyverse_1.3.1            
[17] knitr_1.36                  ArchR_1.0.1                 magrittr_2.0.1              rhdf5_2.34.0               
[21] Matrix_1.3-3                data.table_1.14.2           SummarizedExperiment_1.20.0 Biobase_2.50.0             
[25] GenomicRanges_1.42.0        GenomeInfoDb_1.26.7         IRanges_2.24.1              S4Vectors_0.28.1           
[29] BiocGenerics_0.36.1         MatrixGenerics_1.2.1        matrixStats_0.61.0          ggplot2_3.3.5              

loaded via a namespace (and not attached):
  [1] BSgenome.Mmusculus.UCSC.mm10_1.4.0 utf8_1.2.2                         tidyselect_1.1.1                  
  [4] RSQLite_2.2.8                      BiocParallel_1.24.1                scatterpie_0.1.7                  
  [7] munsell_0.5.0                      codetools_0.2-18                   ragg_1.1.2                        
 [10] withr_2.4.2                        colorspace_2.0-2                   GOSemSim_2.16.1                   
 [13] rstudioapi_0.13                    ggsignif_0.6.1                     DOSE_3.16.0                       
 [16] labeling_0.4.2                     rstan_2.21.2                       GenomeInfoDbData_1.2.4            
 [19] polyclip_1.10-0                    bit64_4.0.5                        farver_2.1.0                      
 [22] downloader_0.4                     vctrs_0.3.8                        generics_0.1.0                    
 [25] xfun_0.26                          R6_2.5.1                           clue_0.3-59                       
 [28] graphlayouts_0.7.1                 bitops_1.0-7                       rhdf5filters_1.2.1                
 [31] cachem_1.0.6                       fgsea_1.16.0                       DelayedArray_0.16.3               
 [34] assertthat_0.2.1                   scales_1.1.1                       ggraph_2.0.5                      
 [37] enrichplot_1.10.2                  Cairo_1.5-12.2                     processx_3.5.2                    
 [40] tidygraph_1.2.0                    rlang_0.4.11                       systemfonts_1.0.2                 
 [43] GlobalOptions_0.1.2                splines_4.0.5                      rtracklayer_1.50.0                
 [46] rstatix_0.7.0                      hexbin_1.28.2                      broom_0.7.9                       
 [49] inline_0.3.19                      BiocManager_1.30.16                reshape2_1.4.4                    
 [52] abind_1.4-5                        modelr_0.1.8                       backports_1.2.1                   
 [55] qvalue_2.22.0                      tools_4.0.5                        ellipsis_0.3.2                    
 [58] RColorBrewer_1.1-2                 ggridges_0.5.3                     Rcpp_1.0.7                        
 [61] plyr_1.8.6                         zlibbioc_1.36.0                    RCurl_1.98-1.5                    
 [64] ps_1.6.0                           prettyunits_1.1.1                  GetoptLong_1.0.5                  
 [67] cowplot_1.1.1                      haven_2.4.3                        ggrepel_0.9.1                     
 [70] cluster_2.1.2                      fs_1.5.0                           DO.db_2.9                         
 [73] openxlsx_4.2.3                     circlize_0.4.13                    reprex_2.0.1                      
 [76] packrat_0.7.0                      hms_1.1.1                          XML_3.99-0.8                      
 [79] rio_0.5.26                         readxl_1.3.1                       shape_1.4.6                       
 [82] compiler_4.0.5                     V8_3.4.2                           crayon_1.4.1                      
 [85] shadowtext_0.0.9                   StanHeaders_2.21.0-7               ggfun_0.0.4                       
 [88] tzdb_0.1.2                         RcppParallel_5.1.4                 lubridate_1.7.10                  
 [91] DBI_1.1.1                          tweenr_1.0.2                       dbplyr_2.1.1                      
 [94] ComplexHeatmap_2.6.2               MASS_7.3-54                        car_3.0-10                        
 [97] cli_3.0.1                          igraph_1.2.6                       pkgconfig_2.0.3                   
[100] GenomicAlignments_1.26.0           rvcheck_0.1.8                      foreign_0.8-81                    
[103] xml2_1.3.2                         XVector_0.30.0                     rvest_1.0.1                       
[106] callr_3.7.0                        digest_0.6.28                      Biostrings_2.58.0                 
[109] cellranger_1.1.0                   fastmatch_1.1-3                    curl_4.3.2                        
[112] Rsamtools_2.6.0                    gtools_3.9.2                       rjson_0.2.20                      
[115] lifecycle_1.0.1                    jsonlite_1.7.2                     Rhdf5lib_1.12.1                   
[118] carData_3.0-4                      BSgenome_1.58.0                    fansi_0.5.0                       
[121] pillar_1.6.3                       lattice_0.20-44                    loo_2.4.1                         
[124] fastmap_1.1.0                      httr_1.4.2                         pkgbuild_1.2.0                    
[127] GO.db_3.12.1                       glue_1.4.2                         zip_2.2.0                         
[130] png_0.1-7                          bit_4.0.4                          ggforce_0.3.3                     
[133] stringi_1.7.5                      blob_1.2.2                         textshaping_0.3.4                 
[136] memoise_2.0.0                     


------- Log Info


2021-10-15 16:44:21 : Input-Parameters, Class = list

Input-Parameters$ArchRProj: length = 1

Input-Parameters$embedding: length = 1
[1] "UMAP"


Input-Parameters$colorBy: length = 1
[1] "cellColData"


Input-Parameters$name: length = 1
[1] "Treatment"


Input-Parameters$log2Norm: length = 0
NULL


Input-Parameters$imputeWeights: length = 0
NULL


Input-Parameters$pal: length = 0
NULL


Input-Parameters$size: length = 1
[1] 0.1


Input-Parameters$sampleCells: length = 0
NULL


Input-Parameters$highlightCells: length = 0
NULL


Input-Parameters$rastr: length = 1
[1] TRUE


Input-Parameters$quantCut: length = 2
[1] 0.01 0.99


Input-Parameters$discreteSet: length = 0
NULL


Input-Parameters$continuousSet: length = 0
NULL


Input-Parameters$randomize: length = 1
[1] TRUE


Input-Parameters$keepAxis: length = 1
[1] FALSE


Input-Parameters$baseSize: length = 1
[1] 10


Input-Parameters$plotAs: length = 0
NULL


Input-Parameters$threads: length = 1
[1] 12


Input-Parameters$logFile: length = 1
[1] "ArchRLogs/ArchR-plotEmbedding-1ada1b144df6-Date-2021-10-15_Time-16-44-20.log"


Input-Parameters$...: length = 1
[[1]]
<promise: 0x555810e4f8e8>




2021-10-15 16:44:21 : 

2021-10-15 16:44:21 : Embedding data.frame, Class = data.frame
Embedding data.frame: nRows = 10642, nCols = 2



2021-10-15 16:44:22 : 

2021-10-15 16:44:22 : ColorParams 1, Class = list

ColorParams 1$color: length = 10642
[1] "Ctrl" "Ctrl" "Ctrl" "Ctrl" "Ctrl" "Ctrl"


ColorParams 1$discrete: length = 1
[1] TRUE


ColorParams 1$continuousSet: length = 1
[1] "solarExtra"


ColorParams 1$discreteSet: length = 1
[1] "stallion"


ColorParams 1$title: length = 1
[1] "UMAP of IterativeLSI  colored by\ncolData :  Treatment"



2021-10-15 16:44:22 : PlotParams-1, Class = list

PlotParams-1$color: length = 10642
[1] "Ctrl" "Ctrl" "Ctrl" "Ctrl" "Ctrl" "Ctrl"


PlotParams-1$discrete: length = 1
[1] TRUE


PlotParams-1$continuousSet: length = 1
[1] "solarExtra"


PlotParams-1$discreteSet: length = 1
[1] "stallion"


PlotParams-1$title: length = 1
[1] "UMAP of IterativeLSI  colored by\ncolData :  Treatment"


PlotParams-1$labelSize: length = 1
[1] 0


PlotParams-1$x: length = 10642
[1] -1.9416106  1.8436613 -0.8846102  3.9229872  3.8731846 -2.6343535


PlotParams-1$y: length = 10642
[1] -1.4274131 -3.1153964 -1.5511473 -3.3045243 -0.5417968 -2.1464170


PlotParams-1$baseSize: length = 1
[1] 10


PlotParams-1$xlabel: length = 1
[1] "UMAP Dimension 1"


PlotParams-1$ylabel: length = 1
[1] "UMAP Dimension 2"


PlotParams-1$rastr: length = 1
[1] TRUE


PlotParams-1$size: length = 1
[1] 0.1


PlotParams-1$randomize: length = 1
[1] TRUE



------- Completed

End Time : 2021-10-15 16:44:22
Elapsed Time Minutes = 0.0440408150355021
Elapsed Time Hours = 0.000734171999825372

-------



