
           ___      .______        ______  __    __  .______      
          /   \     |   _  \      /      ||  |  |  | |   _  \     
         /  ^  \    |  |_)  |    |  ,----'|  |__|  | |  |_)  |    
        /  /_\  \   |      /     |  |     |   __   | |      /     
       /  _____  \  |  |\  \\___ |  `----.|  |  |  | |  |\  \\___.
      /__/     \__\ | _| `._____| \______||__|  |__| | _| `._____|
    
Logging With ArchR!

Start Time : 2021-10-12 22:30:05

------- ArchR Info

ArchRThreads = 12

------- System Info

Computer OS = unix
Total Cores = 24

------- Session Info

R version 4.0.5 (2021-03-31)
Platform: x86_64-pc-linux-gnu (64-bit)
Running under: CentOS Linux 7 (Core)

Matrix products: default
BLAS:   /programs/R-4.0.5/lib/libRblas.so
LAPACK: /programs/R-4.0.5/lib/libRlapack.so

locale:
 [1] LC_CTYPE=en_US.UTF-8       LC_NUMERIC=C               LC_TIME=en_US.UTF-8        LC_COLLATE=en_US.UTF-8    
 [5] LC_MONETARY=en_US.UTF-8    LC_MESSAGES=en_US.UTF-8    LC_PAPER=en_US.UTF-8       LC_NAME=C                 
 [9] LC_ADDRESS=C               LC_TELEPHONE=C             LC_MEASUREMENT=en_US.UTF-8 LC_IDENTIFICATION=C       

attached base packages:
 [1] grid      parallel  stats4    stats     graphics  grDevices utils     datasets  methods   base     

other attached packages:
 [1] gridExtra_2.3               viridis_0.6.1               viridisLite_0.4.0           org.Mm.eg.db_3.12.0        
 [5] AnnotationDbi_1.52.0        clusterProfiler_3.18.1      forcats_0.5.1               stringr_1.4.0              
 [9] dplyr_1.0.7                 purrr_0.3.4                 readr_2.0.2                 tidyr_1.1.4                
[13] tibble_3.1.5                tidyverse_1.3.1             knitr_1.36                  ArchR_1.0.1                
[17] magrittr_2.0.1              rhdf5_2.34.0                Matrix_1.3-3                data.table_1.14.2          
[21] SummarizedExperiment_1.20.0 Biobase_2.50.0              GenomicRanges_1.42.0        GenomeInfoDb_1.26.7        
[25] IRanges_2.24.1              S4Vectors_0.28.1            BiocGenerics_0.36.1         MatrixGenerics_1.2.1       
[29] matrixStats_0.61.0          ggplot2_3.3.5              

loaded via a namespace (and not attached):
  [1] readxl_1.3.1           shadowtext_0.0.9       backports_1.2.1        circlize_0.4.13        fastmatch_1.1-3       
  [6] plyr_1.8.6             igraph_1.2.6           splines_4.0.5          BiocParallel_1.24.1    inline_0.3.19         
 [11] digest_0.6.28          GOSemSim_2.16.1        GO.db_3.12.1           fansi_0.5.0            memoise_2.0.0         
 [16] cluster_2.1.2          tzdb_0.1.2             ComplexHeatmap_2.6.2   graphlayouts_0.7.1     modelr_0.1.8          
 [21] RcppParallel_5.1.4     prettyunits_1.1.1      enrichplot_1.10.2      colorspace_2.0-2       blob_1.2.2            
 [26] rvest_1.0.1            ggrepel_0.9.1          haven_2.4.3            xfun_0.26              callr_3.7.0           
 [31] crayon_1.4.1           RCurl_1.98-1.5         jsonlite_1.7.2         hexbin_1.28.2          scatterpie_0.1.7      
 [36] glue_1.4.2             polyclip_1.10-0        gtable_0.3.0           zlibbioc_1.36.0        XVector_0.30.0        
 [41] V8_3.4.2               GetoptLong_1.0.5       DelayedArray_0.16.3    pkgbuild_1.2.0         Rhdf5lib_1.12.1       
 [46] rstan_2.21.2           shape_1.4.6            scales_1.1.1           DOSE_3.16.0            DBI_1.1.1             
 [51] Rcpp_1.0.7             clue_0.3-59            bit_4.0.4              StanHeaders_2.21.0-7   httr_1.4.2            
 [56] fgsea_1.16.0           RColorBrewer_1.1-2     ellipsis_0.3.2         loo_2.4.1              pkgconfig_2.0.3       
 [61] farver_2.1.0           dbplyr_2.1.1           utf8_1.2.2             tidyselect_1.1.1       labeling_0.4.2        
 [66] rlang_0.4.11           reshape2_1.4.4         munsell_0.5.0          cellranger_1.1.0       tools_4.0.5           
 [71] cachem_1.0.6           downloader_0.4         cli_3.0.1              generics_0.1.0         RSQLite_2.2.8         
 [76] broom_0.7.9            fastmap_1.1.0          processx_3.5.2         bit64_4.0.5            fs_1.5.0              
 [81] tidygraph_1.2.0        ggraph_2.0.5           packrat_0.7.0          DO.db_2.9              xml2_1.3.2            
 [86] compiler_4.0.5         rstudioapi_0.13        curl_4.3.2             png_0.1-7              reprex_2.0.1          
 [91] tweenr_1.0.2           stringi_1.7.5          ps_1.6.0               lattice_0.20-44        vctrs_0.3.8           
 [96] pillar_1.6.3           lifecycle_1.0.1        rhdf5filters_1.2.1     BiocManager_1.30.16    GlobalOptions_0.1.2   
[101] cowplot_1.1.1          bitops_1.0-7           qvalue_2.22.0          R6_2.5.1               codetools_0.2-18      
[106] gtools_3.9.2           MASS_7.3-54            assertthat_0.2.1       rjson_0.2.20           withr_2.4.2           
[111] GenomeInfoDbData_1.2.4 hms_1.1.1              ggfun_0.0.4            rvcheck_0.1.8          Cairo_1.5-12.2        
[116] ggforce_0.3.3          lubridate_1.7.10      


------- Log Info


2021-10-12 22:30:06 : Input-Parameters, Class = list

Input-Parameters$ArchRProj: length = 1

Input-Parameters$embedding: length = 1
[1] "UMAP"


Input-Parameters$colorBy: length = 1
[1] "GeneScoreMatrix"


Input-Parameters$name: length = 3
[1] "Sox9"   "Mlxipl" "Foxj1" 


Input-Parameters$log2Norm: length = 0
NULL


Input-Parameters$pal: length = 0
NULL


Input-Parameters$size: length = 1
[1] 0.1


Input-Parameters$sampleCells: length = 0
NULL


Input-Parameters$highlightCells: length = 0
NULL


Input-Parameters$rastr: length = 1
[1] TRUE


Input-Parameters$quantCut: length = 2
[1] 0.01 0.99


Input-Parameters$discreteSet: length = 0
NULL


Input-Parameters$continuousSet: length = 0
NULL


Input-Parameters$randomize: length = 1
[1] TRUE


Input-Parameters$keepAxis: length = 1
[1] FALSE


Input-Parameters$baseSize: length = 1
[1] 10


Input-Parameters$plotAs: length = 0
NULL


Input-Parameters$threads: length = 1
[1] 12


Input-Parameters$logFile: length = 1
[1] "ArchRLogs/ArchR-plotEmbedding-71463c5395bd-Date-2021-10-12_Time-22-30-05.log"



2021-10-12 22:30:10 : 

2021-10-12 22:30:10 : Embedding data.frame, Class = data.frame
Embedding data.frame: nRows = 10642, nCols = 2



2021-10-12 22:30:12 : 

2021-10-12 22:30:12 : 

2021-10-12 22:30:14 : FeatureDF, Class = DFrame
DataFrame with 24367 rows and 6 columns
      seqnames    start      end  strand    name     idx
         <Rle>  <array>  <array> <array> <array> <array>
1         chr1  3671498  3214482       2    Xkr4       1
2         chr1  4409241  4290846       2     Rp1       2
3         chr1  4497354  4490928       2   Sox17       3
4         chr1  4785726  4773198       2  Mrpl15       4
5         chr1  4807893  4846735       1  Lypla1       5
...        ...      ...      ...     ...     ...     ...
24363     chrY 66742170 66739797       2 Gm20852      30
24364     chrY 78836719 78835721       2 Gm20806      31
24365     chrY 79149787 79148793       2 Gm20917      32
24366     chrY 85529519 85528523       2 Gm20854      33
24367     chrY 90784610 90816465       1   Erdr1      34


2021-10-12 22:30:14 : idx, Class = integer

idx: length = 3
[1]  4107 17000  4194



2021-10-12 22:30:14 : FeatureDF-Subset, Class = DFrame
DataFrame with 3 rows and 6 columns
  seqnames     start       end  strand    name     idx
     <Rle>   <array>   <array> <array> <array> <array>
1    chr11 112782210 112787757       1    Sox9    1602
2     chr5 135106891 135138382       1  Mlxipl    1098
3    chr11 116336390 116330704       2   Foxj1    1689


2021-10-12 22:30:20 : Feature-Matrix, Class = dgCMatrix
Feature-Matrix: nRows = 3, nCols = 10642
Feature-Matrix: NonZeroEntries = 2120, EntryRange = [ 0.159 , 66.478 ]
3 x 5 sparse Matrix of class "dgCMatrix"
     Ctrl2_DEDUP#ACGAGCCATGATCAGGTCGTCGTATG Ctrl2_DEDUP#GTTAATATTAGGAGACTATCTACGCG Ctrl2_DEDUP#GTTAATATCCGTGCGGCGCTACGCGA
[1,]                                      .                                  .                                      .    
[2,]                                      .                                  .                                      0.412
[3,]                                      .                                  0.696                                  .    
     Ctrl2_DEDUP#GTTAATATCTTTGATGTCGTCGTATG Ctrl2_DEDUP#GTTAATATTGTTGCTCTATCTACGCG
[1,]                                  .                                          .
[2,]                                  .                                          .
[3,]                                  0.297                                      .



2021-10-12 22:30:20 : colorMat-Before-Impute, Class = matrix
 
2021-10-12 22:30:20 : colorMat-Before-Impute, Class = array
       Ctrl2_DEDUP#ACGAGCCATGATCAGGTCGTCGTATG Ctrl2_DEDUP#GTTAATATTAGGAGACTATCTACGCG Ctrl2_DEDUP#GTTAATATCCGTGCGGCGCTACGCGA
Sox9                                        0                                  0.000                                  0.000
Mlxipl                                      0                                  0.000                                  0.412
Foxj1                                       0                                  0.696                                  0.000
       Ctrl2_DEDUP#GTTAATATCTTTGATGTCGTCGTATG Ctrl2_DEDUP#GTTAATATTGTTGCTCTATCTACGCG
Sox9                                    0.000                                      0
Mlxipl                                  0.000                                      0
Foxj1                                   0.297                                      0

colorMat-Before-Impute: nRows = 3, nCols = 10642


2021-10-12 22:30:20 : imputeMatrix Input-Parameters, Class = list

imputeMatrix Input-Parameters$mat: nRows = 3, nCols = 10642
       Ctrl2_DEDUP#ACGAGCCATGATCAGGTCGTCGTATG Ctrl2_DEDUP#GTTAATATTAGGAGACTATCTACGCG Ctrl2_DEDUP#GTTAATATCCGTGCGGCGCTACGCGA
Sox9                                        0                                  0.000                                  0.000
Mlxipl                                      0                                  0.000                                  0.412
Foxj1                                       0                                  0.696                                  0.000
       Ctrl2_DEDUP#GTTAATATCTTTGATGTCGTCGTATG Ctrl2_DEDUP#GTTAATATTGTTGCTCTATCTACGCG
Sox9                                    0.000                                      0
Mlxipl                                  0.000                                      0
Foxj1                                   0.297                                      0


imputeMatrix Input-Parameters$threads: length = 1
[1] 12


imputeMatrix Input-Parameters$verbose: length = 1
[1] FALSE


imputeMatrix Input-Parameters$logFile: length = 1
[1] "ArchRLogs/ArchR-plotEmbedding-71463c5395bd-Date-2021-10-12_Time-22-30-05.log"



2021-10-12 22:30:20 : mat, Class = matrix
 
2021-10-12 22:30:20 : mat, Class = array
       Ctrl2_DEDUP#ACGAGCCATGATCAGGTCGTCGTATG Ctrl2_DEDUP#GTTAATATTAGGAGACTATCTACGCG Ctrl2_DEDUP#GTTAATATCCGTGCGGCGCTACGCGA
Sox9                                        0                                  0.000                                  0.000
Mlxipl                                      0                                  0.000                                  0.412
Foxj1                                       0                                  0.696                                  0.000
       Ctrl2_DEDUP#GTTAATATCTTTGATGTCGTCGTATG Ctrl2_DEDUP#GTTAATATTGTTGCTCTATCTACGCG
Sox9                                    0.000                                      0
Mlxipl                                  0.000                                      0
Foxj1                                   0.297                                      0

mat: nRows = 3, nCols = 10642


2021-10-12 22:30:20 : weightList, Class = SimpleList

weightList$w1: length = 1
[1] "/home/pr46_0001/af547/git/striata/Striata/ImputeWeights/Impute-Weights-Rep-1"


weightList$w2: length = 1
[1] "/home/pr46_0001/af547/git/striata/Striata/ImputeWeights/Impute-Weights-Rep-2"


2021-10-12 22:30:20 : Imputing Matrix (1 of 2), 0 mins elapsed.

2021-10-12 22:30:20 : 

2021-10-12 22:30:20 : 

2021-10-12 22:30:20 : 
2021-10-12 22:30:23 : Imputing Matrix (2 of 2), 0.053 mins elapsed.

2021-10-12 22:30:23 : 

2021-10-12 22:30:23 : 

2021-10-12 22:30:23 : 
2021-10-12 22:30:26 : Finished Imputing Matrix, 0.099 mins elapsed.

2021-10-12 22:30:26 : colorMat-After-Impute, Class = matrix
 
2021-10-12 22:30:26 : colorMat-After-Impute, Class = array
       Ctrl2_DEDUP#ACGAGCCATGATCAGGTCGTCGTATG Ctrl2_DEDUP#GTTAATATTAGGAGACTATCTACGCG Ctrl2_DEDUP#GTTAATATCCGTGCGGCGCTACGCGA
Sox9                                0.2237525                              0.1764963                              0.1982185
Mlxipl                              0.1323045                              0.1508662                              0.1205838
Foxj1                               0.4891993                              0.4789912                              0.5674937
       Ctrl2_DEDUP#GTTAATATCTTTGATGTCGTCGTATG Ctrl2_DEDUP#GTTAATATTGTTGCTCTATCTACGCG
Sox9                               0.09103941                              0.1571286
Mlxipl                             0.07388695                              0.1748074
Foxj1                              0.53097718                              1.1229702

colorMat-After-Impute: nRows = 3, nCols = 10642


2021-10-12 22:30:26 : ColorParams 1, Class = list

ColorParams 1$color: length = 10642
Ctrl2_DEDUP#ACGAGCCATGATCAGGTCGTCGTATG Ctrl2_DEDUP#GTTAATATTAGGAGACTATCTACGCG Ctrl2_DEDUP#GTTAATATCCGTGCGGCGCTACGCGA 
                            0.22375246                             0.17649635                             0.19821853 
Ctrl2_DEDUP#GTTAATATCTTTGATGTCGTCGTATG Ctrl2_DEDUP#GTTAATATTGTTGCTCTATCTACGCG Ctrl2_DEDUP#ACGAGCCATCGGTGTAGCTCTGTTAG 
                            0.09103941                             0.15712864                             0.08203374 


ColorParams 1$discrete: length = 1
[1] FALSE


ColorParams 1$title: length = 1
[1] "UMAP of IterativeLSI colored by\nGeneScoreMatrix : Sox9"


ColorParams 1$continuousSet: length = 1
[1] "horizonExtra"



2021-10-12 22:30:26 : PlotParams-1, Class = list

PlotParams-1$color: length = 10642
Ctrl2_DEDUP#ACGAGCCATGATCAGGTCGTCGTATG Ctrl2_DEDUP#GTTAATATTAGGAGACTATCTACGCG Ctrl2_DEDUP#GTTAATATCCGTGCGGCGCTACGCGA 
                             0.2913118                              0.2344968                              0.2608910 
Ctrl2_DEDUP#GTTAATATCTTTGATGTCGTCGTATG Ctrl2_DEDUP#GTTAATATTGTTGCTCTATCTACGCG Ctrl2_DEDUP#ACGAGCCATCGGTGTAGCTCTGTTAG 
                             0.1257032                              0.2105493                              0.1137455 


PlotParams-1$title: length = 1
[1] "UMAP of IterativeLSI colored by\nGeneScoreMatrix : Sox9"


PlotParams-1$x: length = 10642
[1] -1.9416106  1.8436613 -0.8846102  3.9229872  3.8731846 -2.6343535


PlotParams-1$y: length = 10642
[1] -1.4274131 -3.1153964 -1.5511473 -3.3045243 -0.5417968 -2.1464170


PlotParams-1$baseSize: length = 1
[1] 10


PlotParams-1$xlabel: length = 1
[1] "UMAP Dimension 1"


PlotParams-1$ylabel: length = 1
[1] "UMAP Dimension 2"


PlotParams-1$pal: length = 256
[1] "#000436" "#000439" "#00053D" "#000640" "#000744" "#000848"


PlotParams-1$colorTitle: length = 1
[1] "Log2(NormCounts + 1)"



2021-10-12 22:30:28 : PlotParams-2, Class = list

PlotParams-2$color: length = 10642
Ctrl2_DEDUP#ACGAGCCATGATCAGGTCGTCGTATG Ctrl2_DEDUP#GTTAATATTAGGAGACTATCTACGCG Ctrl2_DEDUP#GTTAATATCCGTGCGGCGCTACGCGA 
                             0.1792620                              0.2027202                              0.1642505 
Ctrl2_DEDUP#GTTAATATCTTTGATGTCGTCGTATG Ctrl2_DEDUP#GTTAATATTGTTGCTCTATCTACGCG Ctrl2_DEDUP#ACGAGCCATCGGTGTAGCTCTGTTAG 
                             0.1146650                              0.2324243                              0.3302263 


PlotParams-2$title: length = 1
[1] "UMAP of IterativeLSI colored by\nGeneScoreMatrix : Mlxipl"


PlotParams-2$x: length = 10642
[1] -1.9416106  1.8436613 -0.8846102  3.9229872  3.8731846 -2.6343535


PlotParams-2$y: length = 10642
[1] -1.4274131 -3.1153964 -1.5511473 -3.3045243 -0.5417968 -2.1464170


PlotParams-2$baseSize: length = 1
[1] 10


PlotParams-2$xlabel: length = 1
[1] "UMAP Dimension 1"


PlotParams-2$ylabel: length = 1
[1] "UMAP Dimension 2"


PlotParams-2$pal: length = 256
[1] "#000436" "#000439" "#00053D" "#000640" "#000744" "#000848"


PlotParams-2$colorTitle: length = 1
[1] "Log2(NormCounts + 1)"



2021-10-12 22:30:29 : PlotParams-3, Class = list

PlotParams-3$color: length = 10642
Ctrl2_DEDUP#ACGAGCCATGATCAGGTCGTCGTATG Ctrl2_DEDUP#GTTAATATTAGGAGACTATCTACGCG Ctrl2_DEDUP#GTTAATATCCGTGCGGCGCTACGCGA 
                             0.5745368                              0.5646134                              0.6484596 
Ctrl2_DEDUP#GTTAATATCTTTGATGTCGTCGTATG Ctrl2_DEDUP#GTTAATATTGTTGCTCTATCTACGCG Ctrl2_DEDUP#ACGAGCCATCGGTGTAGCTCTGTTAG 
                             0.6144528                              1.0860841                              0.5741222 


PlotParams-3$title: length = 1
[1] "UMAP of IterativeLSI colored by\nGeneScoreMatrix : Foxj1"


PlotParams-3$x: length = 10642
[1] -1.9416106  1.8436613 -0.8846102  3.9229872  3.8731846 -2.6343535


PlotParams-3$y: length = 10642
[1] -1.4274131 -3.1153964 -1.5511473 -3.3045243 -0.5417968 -2.1464170


PlotParams-3$baseSize: length = 1
[1] 10


PlotParams-3$xlabel: length = 1
[1] "UMAP Dimension 1"


PlotParams-3$ylabel: length = 1
[1] "UMAP Dimension 2"


PlotParams-3$pal: length = 256
[1] "#000436" "#000439" "#00053D" "#000640" "#000744" "#000848"


PlotParams-3$colorTitle: length = 1
[1] "Log2(NormCounts + 1)"



------- Completed

End Time : 2021-10-12 22:30:31
Elapsed Time Minutes = 0.441843239466349
Elapsed Time Hours = 0.0073641965786616

-------



