
           ___      .______        ______  __    __  .______      
          /   \     |   _  \      /      ||  |  |  | |   _  \     
         /  ^  \    |  |_)  |    |  ,----'|  |__|  | |  |_)  |    
        /  /_\  \   |      /     |  |     |   __   | |      /     
       /  _____  \  |  |\  \\___ |  `----.|  |  |  | |  |\  \\___.
      /__/     \__\ | _| `._____| \______||__|  |__| | _| `._____|
    
Logging With ArchR!

Start Time : 2021-10-15 14:13:57

------- ArchR Info

ArchRThreads = 12

------- System Info

Computer OS = unix
Total Cores = 24

------- Session Info

R version 4.0.5 (2021-03-31)
Platform: x86_64-pc-linux-gnu (64-bit)
Running under: CentOS Linux 7 (Core)

Matrix products: default
BLAS:   /programs/R-4.0.5/lib/libRblas.so
LAPACK: /programs/R-4.0.5/lib/libRlapack.so

Random number generation:
 RNG:     Mersenne-Twister 
 Normal:  Inversion 
 Sample:  Rounding 
 
locale:
 [1] LC_CTYPE=en_US.UTF-8       LC_NUMERIC=C               LC_TIME=en_US.UTF-8        LC_COLLATE=en_US.UTF-8    
 [5] LC_MONETARY=en_US.UTF-8    LC_MESSAGES=en_US.UTF-8    LC_PAPER=en_US.UTF-8       LC_NAME=C                 
 [9] LC_ADDRESS=C               LC_TELEPHONE=C             LC_MEASUREMENT=en_US.UTF-8 LC_IDENTIFICATION=C       

attached base packages:
 [1] grid      parallel  stats4    stats     graphics  grDevices utils     datasets  methods   base     

other attached packages:
 [1] gridExtra_2.3               ggpubr_0.4.0                viridis_0.6.1               viridisLite_0.4.0          
 [5] org.Mm.eg.db_3.12.0         AnnotationDbi_1.52.0        clusterProfiler_3.18.1      forcats_0.5.1              
 [9] stringr_1.4.0               dplyr_1.0.7                 purrr_0.3.4                 readr_2.0.2                
[13] tidyr_1.1.4                 tibble_3.1.5                tidyverse_1.3.1             knitr_1.36                 
[17] ArchR_1.0.1                 magrittr_2.0.1              rhdf5_2.34.0                Matrix_1.3-3               
[21] data.table_1.14.2           SummarizedExperiment_1.20.0 Biobase_2.50.0              GenomicRanges_1.42.0       
[25] GenomeInfoDb_1.26.7         IRanges_2.24.1              S4Vectors_0.28.1            BiocGenerics_0.36.1        
[29] MatrixGenerics_1.2.1        matrixStats_0.61.0          ggplot2_3.3.5              

loaded via a namespace (and not attached):
  [1] shadowtext_0.0.9       readxl_1.3.1           backports_1.2.1        circlize_0.4.13        fastmatch_1.1-3       
  [6] systemfonts_1.0.2      plyr_1.8.6             igraph_1.2.6           splines_4.0.5          BiocParallel_1.24.1   
 [11] inline_0.3.19          digest_0.6.28          GOSemSim_2.16.1        GO.db_3.12.1           fansi_0.5.0           
 [16] memoise_2.0.0          cluster_2.1.2          openxlsx_4.2.3         tzdb_0.1.2             ComplexHeatmap_2.6.2  
 [21] graphlayouts_0.7.1     modelr_0.1.8           RcppParallel_5.1.4     enrichplot_1.10.2      prettyunits_1.1.1     
 [26] colorspace_2.0-2       blob_1.2.2             rvest_1.0.1            ggrepel_0.9.1          textshaping_0.3.4     
 [31] haven_2.4.3            xfun_0.26              hexbin_1.28.2          callr_3.7.0            crayon_1.4.1          
 [36] RCurl_1.98-1.5         jsonlite_1.7.2         scatterpie_0.1.7       glue_1.4.2             polyclip_1.10-0       
 [41] gtable_0.3.0           zlibbioc_1.36.0        XVector_0.30.0         GetoptLong_1.0.5       DelayedArray_0.16.3   
 [46] V8_3.4.2               car_3.0-10             pkgbuild_1.2.0         Rhdf5lib_1.12.1        rstan_2.21.2          
 [51] shape_1.4.6            abind_1.4-5            scales_1.1.1           DOSE_3.16.0            DBI_1.1.1             
 [56] rstatix_0.7.0          Rcpp_1.0.7             clue_0.3-59            foreign_0.8-81         bit_4.0.4             
 [61] StanHeaders_2.21.0-7   httr_1.4.2             fgsea_1.16.0           RColorBrewer_1.1-2     ellipsis_0.3.2        
 [66] pkgconfig_2.0.3        loo_2.4.1              farver_2.1.0           dbplyr_2.1.1           utf8_1.2.2            
 [71] labeling_0.4.2         tidyselect_1.1.1       rlang_0.4.11           reshape2_1.4.4         munsell_0.5.0         
 [76] cellranger_1.1.0       tools_4.0.5            cachem_1.0.6           downloader_0.4         cli_3.0.1             
 [81] generics_0.1.0         RSQLite_2.2.8          broom_0.7.9            ggridges_0.5.3         fastmap_1.1.0         
 [86] ragg_1.1.2             processx_3.5.2         bit64_4.0.5            fs_1.5.0               tidygraph_1.2.0       
 [91] zip_2.2.0              ggraph_2.0.5           packrat_0.7.0          DO.db_2.9              xml2_1.3.2            
 [96] compiler_4.0.5         rstudioapi_0.13        curl_4.3.2             png_0.1-7              ggsignif_0.6.1        
[101] reprex_2.0.1           tweenr_1.0.2           stringi_1.7.5          ps_1.6.0               lattice_0.20-44       
[106] vctrs_0.3.8            pillar_1.6.3           lifecycle_1.0.1        rhdf5filters_1.2.1     BiocManager_1.30.16   
[111] GlobalOptions_0.1.2    cowplot_1.1.1          bitops_1.0-7           qvalue_2.22.0          R6_2.5.1              
[116] rio_0.5.26             codetools_0.2-18       MASS_7.3-54            assertthat_0.2.1       rjson_0.2.20          
[121] withr_2.4.2            GenomeInfoDbData_1.2.4 hms_1.1.1              ggfun_0.0.4            rvcheck_0.1.8         
[126] carData_3.0-4          Cairo_1.5-12.2         ggforce_0.3.3          lubridate_1.7.10      


------- Log Info


2021-10-15 14:13:58 : addImputeWeights Input-Parameters, Class = list

addImputeWeights Input-Parameters$ArchRProj: length = 1

addImputeWeights Input-Parameters$reducedDims: length = 1
[1] "IterativeLSI"


addImputeWeights Input-Parameters$dimsToUse: length = 0
NULL


addImputeWeights Input-Parameters$scaleDims: length = 0
NULL


addImputeWeights Input-Parameters$corCutOff: length = 1
[1] 0.75


addImputeWeights Input-Parameters$td: length = 1
[1] 3


addImputeWeights Input-Parameters$ka: length = 1
[1] 4


addImputeWeights Input-Parameters$sampleCells: length = 1
[1] 5000


addImputeWeights Input-Parameters$nRep: length = 1
[1] 2


addImputeWeights Input-Parameters$k: length = 1
[1] 15


addImputeWeights Input-Parameters$epsilon: length = 1
[1] 1


addImputeWeights Input-Parameters$useHdf5: length = 1
[1] TRUE


addImputeWeights Input-Parameters$randomSuffix: length = 1
[1] FALSE


addImputeWeights Input-Parameters$threads: length = 1
[1] 12


addImputeWeights Input-Parameters$seed: length = 1
[1] 1


addImputeWeights Input-Parameters$verbose: length = 1
[1] TRUE


addImputeWeights Input-Parameters$logFile: length = 1
[1] "ArchRLogs/ArchR-addImputeWeights-1ada22cf9012-Date-2021-10-15_Time-14-13-57.log"


2021-10-15 14:13:58 : Computing Impute Weights Using Magic (Cell 2018), 0 mins elapsed.
2021-10-15 14:13:58 : Computing Partial Diffusion Matrix with Magic (1 of 2), 0.002 mins elapsed.
2021-10-15 14:13:58 : Computing Partial Diffusion Matrix with Magic (2 of 2), 0.002 mins elapsed.
2021-10-15 14:14:18 : Completed Getting Magic Weights!, 0.34 mins elapsed.
